TN:
SF:apps/dashboard/routes/routes.tsx
FNF:0
FNH:0
DA:1,1
LF:1
LH:1
BRF:0
BRH:0
end_of_record
TN:
SF:apps/stable/features/playback/constants/playbackManagerEvent.ts
FN:4,(anonymous_0)
FNF:1
FNH:1
FNDA:1,(anonymous_0)
DA:4,1
DA:5,1
DA:6,1
DA:7,1
DA:8,1
DA:9,1
DA:10,1
DA:11,1
DA:12,1
DA:13,1
LF:10
LH:10
BRDA:4,0,0,1
BRDA:4,0,1,1
BRF:2
BRH:2
end_of_record
TN:
SF:apps/stable/features/playback/constants/playerEvent.ts
FN:5,(anonymous_0)
FNF:1
FNH:1
FNDA:1,(anonymous_0)
DA:5,1
DA:6,1
DA:7,1
DA:8,1
DA:9,1
DA:10,1
DA:11,1
DA:12,1
DA:13,1
DA:14,1
DA:15,1
DA:16,1
DA:17,1
DA:18,1
DA:19,1
DA:20,1
DA:21,1
DA:22,1
DA:23,1
DA:24,1
LF:20
LH:20
BRDA:5,0,0,1
BRDA:5,0,1,1
BRF:2
BRH:2
end_of_record
TN:
SF:apps/stable/features/playback/utils/mediaSegments.ts
FN:3,(anonymous_0)
FN:10,(anonymous_1)
FN:15,(anonymous_2)
FNF:3
FNH:0
FNDA:0,(anonymous_0)
FNDA:0,(anonymous_1)
FNDA:0,(anonymous_2)
DA:3,1
DA:4,0
DA:5,0
DA:7,0
DA:10,1
DA:11,0
DA:15,1
DA:16,0
DA:17,0
DA:18,0
DA:21,0
DA:22,0
DA:23,0
DA:26,0
DA:27,0
DA:31,0
DA:32,0
LF:17
LH:3
BRDA:4,0,0,0
BRDA:4,0,1,0
BRDA:5,1,0,0
BRDA:5,1,1,0
BRDA:7,2,0,0
BRDA:7,2,1,0
BRDA:11,3,0,0
BRDA:11,3,1,0
BRDA:11,3,2,0
BRDA:11,3,3,0
BRDA:15,4,0,0
BRDA:17,5,0,0
BRDA:17,5,1,0
BRDA:22,6,0,0
BRDA:22,6,1,0
BRDA:22,7,0,0
BRDA:22,7,1,0
BRDA:22,7,2,0
BRDA:28,8,0,0
BRDA:28,8,1,0
BRDA:31,9,0,0
BRDA:31,9,1,0
BRDA:32,10,0,0
BRDA:32,10,1,0
BRF:24
BRH:0
end_of_record
TN:
SF:apps/stable/features/playback/utils/playbackSubscriber.ts
FN:85,(anonymous_0)
FN:89,(anonymous_1)
FN:96,(anonymous_2)
FN:101,(anonymous_3)
FN:109,(anonymous_4)
FNF:5
FNH:3
FNDA:1,(anonymous_0)
FNDA:6,(anonymous_1)
FNDA:1,(anonymous_2)
FNDA:0,(anonymous_3)
FNDA:0,(anonymous_4)
DA:54,1
DA:63,1
DA:85,1
DA:87,1
DA:89,1
DA:90,6
DA:93,1
DA:97,1
DA:98,1
DA:100,0
DA:101,0
DA:102,0
DA:106,0
DA:107,1
DA:109,0
DA:110,0
LF:16
LH:10
BRDA:90,0,0,2
BRDA:90,0,1,4
BRDA:98,1,0,1
BRDA:98,1,1,0
BRDA:100,2,0,0
BRDA:100,2,1,0
BRDA:102,3,0,0
BRDA:102,3,1,0
BRDA:106,4,0,0
BRDA:106,4,1,0
BRDA:107,5,0,0
BRDA:107,5,1,1
BRDA:110,6,0,0
BRDA:110,6,1,0
BRF:14
BRH:4
end_of_record
TN:
SF:audio-driver/AudioDriver.ts
FN:16,(anonymous_0)
FN:22,(anonymous_1)
FN:23,(anonymous_2)
FN:24,(anonymous_3)
FN:25,(anonymous_4)
FN:26,(anonymous_5)
FN:27,(anonymous_6)
FN:28,(anonymous_7)
FN:29,(anonymous_8)
FN:37,(anonymous_9)
FN:44,(anonymous_10)
FN:50,(anonymous_11)
FN:72,(anonymous_12)
FN:76,(anonymous_13)
FN:80,(anonymous_14)
FN:84,(anonymous_15)
FN:88,(anonymous_16)
FN:93,(anonymous_17)
FN:98,(anonymous_18)
FN:103,(anonymous_19)
FN:105,(anonymous_20)
FN:115,(anonymous_21)
FN:125,(anonymous_22)
FN:135,(anonymous_23)
FN:144,(anonymous_24)
FN:148,(anonymous_25)
FN:152,(anonymous_26)
FN:159,(anonymous_27)
FN:162,(anonymous_28)
FN:163,(anonymous_29)
FN:171,(anonymous_30)
FN:172,(anonymous_31)
FN:180,(anonymous_32)
FN:181,(anonymous_33)
FN:190,(anonymous_34)
FN:191,(anonymous_35)
FN:199,(anonymous_36)
FN:205,(anonymous_37)
FN:210,(anonymous_38)
FNF:39
FNH:8
FNDA:1,(anonymous_0)
FNDA:0,(anonymous_1)
FNDA:0,(anonymous_2)
FNDA:0,(anonymous_3)
FNDA:0,(anonymous_4)
FNDA:0,(anonymous_5)
FNDA:0,(anonymous_6)
FNDA:0,(anonymous_7)
FNDA:0,(anonymous_8)
FNDA:1,(anonymous_9)
FNDA:0,(anonymous_10)
FNDA:0,(anonymous_11)
FNDA:0,(anonymous_12)
FNDA:0,(anonymous_13)
FNDA:0,(anonymous_14)
FNDA:0,(anonymous_15)
FNDA:0,(anonymous_16)
FNDA:0,(anonymous_17)
FNDA:0,(anonymous_18)
FNDA:2,(anonymous_19)
FNDA:0,(anonymous_20)
FNDA:0,(anonymous_21)
FNDA:0,(anonymous_22)
FNDA:0,(anonymous_23)
FNDA:0,(anonymous_24)
FNDA:0,(anonymous_25)
FNDA:0,(anonymous_26)
FNDA:1,(anonymous_27)
FNDA:1,(anonymous_28)
FNDA:0,(anonymous_29)
FNDA:1,(anonymous_30)
FNDA:0,(anonymous_31)
FNDA:1,(anonymous_32)
FNDA:0,(anonymous_33)
FNDA:1,(anonymous_34)
FNDA:0,(anonymous_35)
FNDA:0,(anonymous_36)
FNDA:0,(anonymous_37)
FNDA:0,(anonymous_38)
DA:14,1
DA:17,1
DA:18,1
DA:19,1
DA:21,1
DA:22,0
DA:23,0
DA:24,0
DA:25,0
DA:26,0
DA:27,0
DA:28,0
DA:29,0
DA:32,1
DA:33,1
DA:34,1
DA:38,1
DA:39,1
DA:41,1
DA:45,0
DA:46,0
DA:47,0
DA:52,0
DA:55,0
DA:56,0
DA:57,0
DA:58,0
DA:59,0
DA:60,0
DA:63,0
DA:64,0
DA:67,0
DA:68,0
DA:69,0
DA:73,0
DA:77,0
DA:81,0
DA:85,0
DA:89,0
DA:90,0
DA:94,0
DA:95,0
DA:99,0
DA:100,0
DA:104,2
DA:106,0
DA:107,0
DA:113,0
DA:116,0
DA:117,0
DA:123,0
DA:126,0
DA:127,0
DA:128,0
DA:129,0
DA:131,0
DA:136,0
DA:137,0
DA:145,0
DA:149,0
DA:150,0
DA:153,0
DA:154,0
DA:161,1
DA:162,1
DA:164,0
DA:165,0
DA:170,1
DA:171,1
DA:173,0
DA:174,0
DA:179,1
DA:180,1
DA:182,0
DA:183,0
DA:189,1
DA:190,1
DA:192,0
DA:193,0
DA:200,0
DA:201,0
DA:202,0
DA:206,0
DA:211,0
DA:215,1
LF:85
LH:21
BRDA:38,0,0,1
BRDA:38,0,1,0
BRDA:45,1,0,0
BRDA:45,1,1,0
BRDA:52,2,0,0
BRDA:52,2,1,0
BRDA:55,3,0,0
BRDA:55,3,1,0
BRDA:55,4,0,0
BRDA:55,4,1,0
BRDA:58,5,0,0
BRDA:58,5,1,0
BRDA:58,6,0,0
BRDA:58,6,1,0
BRDA:106,7,0,0
BRDA:106,7,1,0
BRDA:116,8,0,0
BRDA:116,8,1,0
BRDA:126,9,0,0
BRDA:126,9,1,0
BRDA:128,10,0,0
BRDA:128,10,1,0
BRDA:128,11,0,0
BRDA:128,11,1,0
BRDA:132,12,0,0
BRDA:132,12,1,0
BRDA:132,13,0,0
BRDA:132,13,1,0
BRDA:136,14,0,0
BRDA:136,14,1,0
BRDA:145,15,0,0
BRDA:145,15,1,0
BRDA:149,16,0,0
BRDA:149,16,1,0
BRDA:153,17,0,0
BRDA:153,17,1,0
BRDA:164,18,0,0
BRDA:164,18,1,0
BRDA:173,19,0,0
BRDA:173,19,1,0
BRDA:182,20,0,0
BRDA:182,20,1,0
BRDA:192,21,0,0
BRDA:192,21,1,0
BRF:44
BRH:1
end_of_record
TN:
SF:audio-driver/bridge/StoreSync.ts
FN:16,(anonymous_0)
FN:18,(anonymous_1)
FN:25,(anonymous_2)
FN:33,(anonymous_3)
FN:34,(anonymous_4)
FN:53,(anonymous_5)
FN:54,(anonymous_6)
FNF:7
FNH:5
FNDA:1,(anonymous_0)
FNDA:1,(anonymous_1)
FNDA:1,(anonymous_2)
FNDA:1,(anonymous_3)
FNDA:0,(anonymous_4)
FNDA:1,(anonymous_5)
FNDA:0,(anonymous_6)
DA:14,1
DA:19,1
DA:20,1
DA:22,1
DA:26,1
DA:27,1
DA:29,1
DA:32,1
DA:33,1
DA:35,0
DA:37,0
DA:38,0
DA:39,0
DA:40,0
DA:41,0
DA:42,0
DA:52,1
DA:53,1
DA:55,0
DA:57,0
DA:58,0
DA:60,0
DA:61,0
DA:62,0
DA:71,1
LF:25
LH:12
BRDA:19,0,0,1
BRDA:19,0,1,0
BRDA:26,1,0,0
BRDA:26,1,1,1
BRDA:35,2,0,0
BRDA:35,2,1,0
BRDA:37,3,0,0
BRDA:37,3,1,0
BRDA:39,4,0,0
BRDA:39,4,1,0
BRDA:41,5,0,0
BRDA:41,5,1,0
BRDA:41,6,0,0
BRDA:41,6,1,0
BRDA:55,7,0,0
BRDA:55,7,1,0
BRDA:55,8,0,0
BRDA:55,8,1,0
BRDA:60,9,0,0
BRDA:60,9,1,0
BRDA:60,10,0,0
BRDA:60,10,1,0
BRF:22
BRH:2
end_of_record
TN:
SF:audio-driver/html5/HTML5Player.ts
FN:19,(anonymous_0)
FN:24,(anonymous_1)
FN:28,(anonymous_2)
FN:37,(anonymous_3)
FN:38,(anonymous_4)
FN:44,(anonymous_5)
FN:48,(anonymous_6)
FN:55,(anonymous_7)
FN:60,(anonymous_8)
FN:65,(anonymous_9)
FN:70,(anonymous_10)
FN:75,(anonymous_11)
FN:84,(anonymous_12)
FN:98,(anonymous_13)
FN:112,(anonymous_14)
FN:116,(anonymous_15)
FN:120,(anonymous_16)
FN:124,(anonymous_17)
FN:130,(anonymous_18)
FN:134,(anonymous_19)
FN:139,(anonymous_20)
FN:147,(anonymous_21)
FN:152,(anonymous_22)
FN:159,(anonymous_23)
FNF:24
FNH:4
FNDA:2,(anonymous_0)
FNDA:2,(anonymous_1)
FNDA:0,(anonymous_2)
FNDA:0,(anonymous_3)
FNDA:0,(anonymous_4)
FNDA:0,(anonymous_5)
FNDA:0,(anonymous_6)
FNDA:0,(anonymous_7)
FNDA:0,(anonymous_8)
FNDA:0,(anonymous_9)
FNDA:0,(anonymous_10)
FNDA:0,(anonymous_11)
FNDA:2,(anonymous_12)
FNDA:0,(anonymous_13)
FNDA:0,(anonymous_14)
FNDA:0,(anonymous_15)
FNDA:0,(anonymous_16)
FNDA:0,(anonymous_17)
FNDA:0,(anonymous_18)
FNDA:0,(anonymous_19)
FNDA:0,(anonymous_20)
FNDA:0,(anonymous_21)
FNDA:0,(anonymous_22)
FNDA:1,(anonymous_23)
DA:15,2
DA:16,2
DA:17,2
DA:20,2
DA:21,2
DA:25,2
DA:29,0
DA:31,0
DA:32,0
DA:33,0
DA:34,0
DA:38,0
DA:39,0
DA:40,0
DA:45,0
DA:49,0
DA:50,0
DA:51,0
DA:52,0
DA:56,0
DA:57,0
DA:61,0
DA:62,0
DA:66,0
DA:67,0
DA:71,0
DA:72,0
DA:76,0
DA:77,0
DA:78,0
DA:79,0
DA:80,0
DA:81,0
DA:85,2
DA:87,2
DA:88,2
DA:89,2
DA:90,2
DA:91,2
DA:92,2
DA:93,2
DA:94,2
DA:95,2
DA:99,0
DA:101,0
DA:102,0
DA:103,0
DA:104,0
DA:105,0
DA:106,0
DA:107,0
DA:108,0
DA:109,0
DA:112,0
DA:113,0
DA:116,0
DA:117,0
DA:120,0
DA:121,0
DA:124,0
DA:125,0
DA:126,0
DA:130,0
DA:131,0
DA:134,0
DA:135,0
DA:136,0
DA:139,0
DA:140,0
DA:141,0
DA:142,0
DA:143,0
DA:144,0
DA:147,0
DA:148,0
DA:149,0
DA:152,0
DA:153,0
DA:154,0
DA:155,0
DA:160,1
LF:81
LH:17
BRDA:19,0,0,2
BRDA:28,1,0,0
BRDA:29,2,0,0
BRDA:29,2,1,0
BRDA:49,3,0,0
BRDA:49,3,1,0
BRDA:56,4,0,0
BRDA:56,4,1,0
BRDA:61,5,0,0
BRDA:61,5,1,0
BRDA:66,6,0,0
BRDA:66,6,1,0
BRDA:71,7,0,0
BRDA:71,7,1,0
BRDA:76,8,0,0
BRDA:76,8,1,0
BRDA:85,9,0,0
BRDA:85,9,1,2
BRDA:99,10,0,0
BRDA:99,10,1,0
BRDA:113,11,0,0
BRDA:113,11,1,0
BRDA:117,12,0,0
BRDA:117,12,1,0
BRDA:125,13,0,0
BRDA:125,13,1,0
BRDA:141,14,0,0
BRDA:141,14,1,0
BRDA:148,15,0,0
BRDA:148,15,1,0
BRDA:153,16,0,0
BRDA:153,16,1,0
BRDA:153,17,0,0
BRDA:153,17,1,0
BRF:34
BRH:2
end_of_record
TN:
SF:audio-driver/html5/VideoPlayer.ts
FN:14,(anonymous_0)
FN:19,(anonymous_1)
FN:24,(anonymous_2)
FN:28,(anonymous_3)
FN:32,(anonymous_4)
FN:36,(anonymous_5)
FN:41,(anonymous_6)
FN:57,(anonymous_7)
FN:68,(anonymous_8)
FN:79,(anonymous_9)
FN:84,(anonymous_10)
FN:89,(anonymous_11)
FNF:12
FNH:3
FNDA:1,(anonymous_0)
FNDA:0,(anonymous_1)
FNDA:1,(anonymous_2)
FNDA:0,(anonymous_3)
FNDA:0,(anonymous_4)
FNDA:0,(anonymous_5)
FNDA:0,(anonymous_6)
FNDA:0,(anonymous_7)
FNDA:1,(anonymous_8)
FNDA:0,(anonymous_9)
FNDA:0,(anonymous_10)
FNDA:0,(anonymous_11)
DA:12,1
DA:15,1
DA:16,1
DA:20,0
DA:21,0
DA:25,1
DA:29,0
DA:33,0
DA:37,0
DA:42,0
DA:43,0
DA:44,0
DA:45,0
DA:46,0
DA:48,0
DA:51,0
DA:58,0
DA:59,0
DA:60,0
DA:61,0
DA:62,0
DA:63,0
DA:64,0
DA:69,1
DA:70,1
DA:74,1
DA:75,1
DA:79,0
DA:80,0
DA:81,0
DA:84,0
DA:90,0
DA:91,0
DA:92,0
DA:93,0
DA:95,0
LF:36
LH:8
BRDA:43,0,0,0
BRDA:43,0,1,0
BRDA:43,1,0,0
BRDA:43,1,1,0
BRDA:45,2,0,0
BRDA:45,2,1,0
BRDA:59,3,0,0
BRDA:59,3,1,0
BRDA:61,4,0,0
BRDA:61,4,1,0
BRDA:63,5,0,0
BRDA:63,5,1,0
BRDA:74,6,0,1
BRDA:74,6,1,0
BRDA:92,7,0,0
BRDA:92,7,1,0
BRF:16
BRH:1
end_of_record
TN:
SF:audio-driver/session/MediaSession.ts
FN:16,(anonymous_0)
FN:20,(anonymous_1)
FN:42,(anonymous_2)
FN:47,(anonymous_3)
FN:63,(anonymous_4)
FN:84,(anonymous_5)
FNF:6
FNH:2
FNDA:1,(anonymous_0)
FNDA:0,(anonymous_1)
FNDA:0,(anonymous_2)
FNDA:0,(anonymous_3)
FNDA:1,(anonymous_4)
FNDA:0,(anonymous_5)
DA:16,1
DA:17,1
DA:21,0
DA:23,0
DA:25,0
DA:43,0
DA:44,0
DA:48,0
DA:50,0
DA:51,0
DA:52,0
DA:59,0
DA:64,1
DA:66,0
DA:76,0
DA:77,0
DA:78,0
DA:82,0
DA:83,0
DA:84,0
DA:85,0
DA:86,0
DA:90,0
LF:23
LH:3
BRDA:21,0,0,0
BRDA:21,0,1,0
BRDA:21,1,0,0
BRDA:21,1,1,0
BRDA:29,2,0,0
BRDA:29,2,1,0
BRDA:43,3,0,0
BRDA:43,3,1,0
BRDA:47,4,0,0
BRDA:48,5,0,0
BRDA:48,5,1,0
BRDA:48,6,0,0
BRDA:48,6,1,0
BRDA:51,7,0,0
BRDA:51,7,1,0
BRDA:51,8,0,0
BRDA:51,8,1,0
BRDA:51,8,2,0
BRDA:64,9,0,1
BRDA:64,9,1,0
BRDA:77,10,0,0
BRDA:77,10,1,0
BRDA:82,11,0,0
BRDA:82,11,1,0
BRDA:85,12,0,0
BRDA:85,12,1,0
BRF:26
BRH:1
end_of_record
TN:
SF:components/AppBody.tsx
FN:8,(anonymous_0)
FN:10,(anonymous_1)
FN:10,(anonymous_2)
FNF:3
FNH:3
FNDA:4,(anonymous_0)
FNDA:2,(anonymous_1)
FNDA:2,(anonymous_2)
DA:8,1
DA:9,4
DA:10,2
DA:12,2
DA:17,4
LF:5
LH:5
BRF:0
BRH:0
end_of_record
TN:
SF:components/ResponsiveDrawer.tsx
FN:15,(anonymous_0)
FNF:1
FNH:1
FNDA:2,(anonymous_0)
DA:7,1
DA:15,1
DA:16,2
DA:17,0
DA:38,2
LF:5
LH:4
BRDA:15,0,0,2
BRDA:16,1,0,0
BRDA:16,1,1,2
BRF:3
BRH:2
end_of_record
TN:
SF:components/UserAvatar.tsx
FN:12,(anonymous_0)
FNF:1
FNH:1
FNDA:2,(anonymous_0)
DA:12,1
DA:13,2
DA:15,2
LF:3
LH:3
BRDA:15,0,0,2
BRDA:15,0,1,0
BRDA:17,1,0,2
BRDA:17,1,1,0
BRDA:19,2,0,0
BRDA:19,2,1,2
BRDA:19,3,0,2
BRDA:19,3,1,0
BRDA:19,3,2,0
BRDA:25,4,0,0
BRDA:25,4,1,2
BRDA:25,5,0,2
BRDA:25,5,1,0
BRDA:25,5,2,0
BRF:14
BRH:6
end_of_record
TN:
SF:components/alert.ts
FN:11,alert
FNF:1
FNH:0
FNDA:0,alert
DA:12,0
DA:14,0
DA:16,0
DA:24,0
LF:4
LH:0
BRDA:12,0,0,0
BRDA:12,0,1,0
BRF:2
BRH:0
end_of_record
TN:
SF:components/focusManager.ts
FN:7,pushScope
FN:11,popScope
FN:17,focus
FN:32,(anonymous_3)
FN:40,isFocusable
FN:44,normalizeFocusable
FN:54,focusableParent
FN:66,isCurrentlyFocusableInternal
FN:70,isCurrentlyFocusable
FN:82,getDefaultScope
FN:86,getFocusableElements
FN:103,autoFocus
FN:127,isFocusContainer
FN:146,getFocusContainer
FN:154,getOffset
FN:166,intersects
FN:167,(anonymous_16)
FN:171,nav
FN:249,(anonymous_18)
FN:250,(anonymous_19)
FN:251,(anonymous_20)
FN:252,(anonymous_21)
FN:253,(anonymous_22)
FN:259,(anonymous_23)
FN:260,(anonymous_24)
FN:263,(anonymous_25)
FN:266,(anonymous_26)
FN:269,(anonymous_27)
FN:270,(anonymous_28)
FN:273,(anonymous_29)
FNF:30
FNH:1
FNDA:0,pushScope
FNDA:0,popScope
FNDA:0,focus
FNDA:5,(anonymous_3)
FNDA:0,isFocusable
FNDA:0,normalizeFocusable
FNDA:0,focusableParent
FNDA:0,isCurrentlyFocusableInternal
FNDA:0,isCurrentlyFocusable
FNDA:0,getDefaultScope
FNDA:0,getFocusableElements
FNDA:0,autoFocus
FNDA:0,isFocusContainer
FNDA:0,getFocusContainer
FNDA:0,getOffset
FNDA:0,intersects
FNDA:0,(anonymous_16)
FNDA:0,nav
FNDA:0,(anonymous_18)
FNDA:0,(anonymous_19)
FNDA:0,(anonymous_20)
FNDA:0,(anonymous_21)
FNDA:0,(anonymous_22)
FNDA:0,(anonymous_23)
FNDA:0,(anonymous_24)
FNDA:0,(anonymous_25)
FNDA:0,(anonymous_26)
FNDA:0,(anonymous_27)
FNDA:0,(anonymous_28)
FNDA:0,(anonymous_29)
DA:5,1
DA:8,0
DA:12,0
DA:13,0
DA:18,0
DA:19,0
DA:20,0
DA:24,0
DA:28,1
DA:29,1
DA:31,1
DA:33,5
DA:34,1
DA:36,5
DA:41,0
DA:45,0
DA:46,0
DA:47,0
DA:48,0
DA:51,0
DA:55,0
DA:56,0
DA:57,0
DA:59,0
DA:60,0
DA:63,0
DA:67,0
DA:71,0
DA:72,0
DA:73,0
DA:74,0
DA:75,0
DA:76,0
DA:79,0
DA:83,0
DA:87,0
DA:88,0
DA:89,0
DA:91,0
DA:92,0
DA:93,0
DA:94,0
DA:95,0
DA:96,0
DA:100,0
DA:108,0
DA:109,0
DA:110,0
DA:111,0
DA:112,0
DA:116,0
DA:117,0
DA:118,0
DA:119,0
DA:120,0
DA:124,0
DA:128,0
DA:129,0
DA:130,0
DA:132,0
DA:134,0
DA:135,0
DA:136,0
DA:137,0
DA:139,0
DA:140,0
DA:143,0
DA:147,0
DA:148,0
DA:149,0
DA:151,0
DA:155,0
DA:156,0
DA:167,0
DA:168,0
DA:177,0
DA:178,0
DA:180,0
DA:182,0
DA:183,0
DA:184,0
DA:187,0
DA:188,0
DA:189,0
DA:190,0
DA:193,0
DA:194,0
DA:195,0
DA:197,0
DA:198,0
DA:199,0
DA:200,0
DA:202,0
DA:203,0
DA:204,0
DA:205,0
DA:207,0
DA:208,0
DA:209,0
DA:210,0
DA:212,0
DA:213,0
DA:214,0
DA:215,0
DA:216,0
DA:217,0
DA:218,0
DA:219,0
DA:220,0
DA:221,0
DA:222,0
DA:223,0
DA:224,0
DA:225,0
DA:228,0
DA:229,0
DA:230,0
DA:231,0
DA:235,0
DA:236,0
DA:237,0
DA:238,0
DA:240,0
DA:244,1
DA:249,0
DA:250,0
DA:251,0
DA:252,0
DA:254,0
DA:260,0
DA:261,0
DA:264,0
DA:266,0
DA:267,0
DA:270,0
DA:271,0
DA:273,0
DA:274,0
DA:275,0
DA:276,0
LF:140
LH:8
BRDA:12,0,0,0
BRDA:12,0,1,0
BRDA:18,1,0,0
BRDA:18,1,1,0
BRDA:33,2,0,1
BRDA:33,2,1,4
BRDA:41,3,0,0
BRDA:41,3,1,0
BRDA:45,4,0,0
BRDA:45,4,1,0
BRDA:47,5,0,0
BRDA:47,5,1,0
BRDA:47,6,0,0
BRDA:47,6,1,0
BRDA:47,6,2,0
BRDA:55,7,0,0
BRDA:55,7,1,0
BRDA:59,8,0,0
BRDA:59,8,1,0
BRDA:63,9,0,0
BRDA:63,9,1,0
BRDA:71,10,0,0
BRDA:71,10,1,0
BRDA:72,11,0,0
BRDA:72,11,1,0
BRDA:73,12,0,0
BRDA:73,12,1,0
BRDA:74,13,0,0
BRDA:74,13,1,0
BRDA:76,14,0,0
BRDA:76,14,1,0
BRDA:76,15,0,0
BRDA:76,15,1,0
BRDA:83,16,0,0
BRDA:83,16,1,0
BRDA:87,17,0,0
BRDA:87,17,1,0
BRDA:93,18,0,0
BRDA:93,18,1,0
BRDA:93,19,0,0
BRDA:93,19,1,0
BRDA:94,20,0,0
BRDA:94,20,1,0
BRDA:96,21,0,0
BRDA:96,21,1,0
BRDA:96,22,0,0
BRDA:96,22,1,0
BRDA:105,23,0,0
BRDA:106,24,0,0
BRDA:108,25,0,0
BRDA:108,25,1,0
BRDA:110,26,0,0
BRDA:110,26,1,0
BRDA:116,27,0,0
BRDA:116,27,1,0
BRDA:118,28,0,0
BRDA:118,28,1,0
BRDA:128,29,0,0
BRDA:128,29,1,0
BRDA:130,30,0,0
BRDA:130,30,1,0
BRDA:132,31,0,0
BRDA:132,31,1,0
BRDA:132,32,0,0
BRDA:132,32,1,0
BRDA:134,33,0,0
BRDA:134,33,1,0
BRDA:135,34,0,0
BRDA:135,34,1,0
BRDA:135,35,0,0
BRDA:135,35,1,0
BRDA:136,36,0,0
BRDA:136,36,1,0
BRDA:136,37,0,0
BRDA:136,37,1,0
BRDA:137,38,0,0
BRDA:137,38,1,0
BRDA:137,39,0,0
BRDA:137,39,1,0
BRDA:139,40,0,0
BRDA:139,40,1,0
BRDA:140,41,0,0
BRDA:140,41,1,0
BRDA:140,42,0,0
BRDA:140,42,1,0
BRDA:148,43,0,0
BRDA:148,43,1,0
BRDA:151,44,0,0
BRDA:151,44,1,0
BRDA:167,45,0,0
BRDA:167,45,1,0
BRDA:167,45,2,0
BRDA:167,45,3,0
BRDA:168,46,0,0
BRDA:168,46,1,0
BRDA:177,47,0,0
BRDA:177,47,1,0
BRDA:180,48,0,0
BRDA:180,48,1,0
BRDA:180,49,0,0
BRDA:180,49,1,0
BRDA:182,50,0,0
BRDA:182,50,1,0
BRDA:182,51,0,0
BRDA:182,51,1,0
BRDA:193,52,0,0
BRDA:193,52,1,0
BRDA:198,53,0,0
BRDA:198,53,1,0
BRDA:198,54,0,0
BRDA:198,54,1,0
BRDA:200,55,0,0
BRDA:200,55,1,0
BRDA:200,56,0,0
BRDA:200,56,1,0
BRDA:202,57,0,0
BRDA:202,57,1,0
BRDA:202,58,0,0
BRDA:202,58,1,0
BRDA:203,59,0,0
BRDA:203,59,1,0
BRDA:203,60,0,0
BRDA:203,60,1,0
BRDA:204,61,0,0
BRDA:204,61,1,0
BRDA:204,62,0,0
BRDA:204,62,1,0
BRDA:205,63,0,0
BRDA:205,63,1,0
BRDA:205,64,0,0
BRDA:205,64,1,0
BRDA:214,65,0,0
BRDA:214,65,1,0
BRDA:216,66,0,0
BRDA:216,66,1,0
BRDA:217,67,0,0
BRDA:217,67,1,0
BRDA:219,68,0,0
BRDA:219,68,1,0
BRDA:220,69,0,0
BRDA:220,69,1,0
BRDA:222,70,0,0
BRDA:222,70,1,0
BRDA:223,71,0,0
BRDA:223,71,1,0
BRDA:225,72,0,0
BRDA:225,72,1,0
BRDA:229,73,0,0
BRDA:229,73,1,0
BRDA:235,74,0,0
BRDA:235,74,1,0
BRDA:237,75,0,0
BRDA:237,75,1,0
BRDA:237,76,0,0
BRDA:237,76,1,0
BRDA:237,76,2,0
BRDA:261,77,0,0
BRDA:261,77,1,0
BRDA:267,78,0,0
BRDA:267,78,1,0
BRDA:273,79,0,0
BRDA:273,79,1,0
BRDA:274,80,0,0
BRDA:274,80,1,0
BRDA:276,81,0,0
BRDA:276,81,1,0
BRF:166
BRH:2
end_of_record
TN:
SF:components/itemHelper.ts
FN:11,(anonymous_0)
FN:20,(anonymous_1)
FN:24,(anonymous_2)
FN:43,(anonymous_3)
FN:47,(anonymous_4)
FN:51,(anonymous_5)
FN:55,(anonymous_6)
FN:59,(anonymous_7)
FN:66,(anonymous_8)
FN:73,(anonymous_9)
FN:77,(anonymous_10)
FN:91,canEditPlaylist
FNF:12
FNH:0
FNDA:0,(anonymous_0)
FNDA:0,(anonymous_1)
FNDA:0,(anonymous_2)
FNDA:0,(anonymous_3)
FNDA:0,(anonymous_4)
FNDA:0,(anonymous_5)
FNDA:0,(anonymous_6)
FNDA:0,(anonymous_7)
FNDA:0,(anonymous_8)
FNDA:0,(anonymous_9)
FNDA:0,(anonymous_10)
FNDA:0,canEditPlaylist
DA:10,1
DA:12,0
DA:21,0
DA:25,0
DA:26,0
DA:27,0
DA:29,0
DA:30,0
DA:32,0
DA:33,0
DA:34,0
DA:35,0
DA:36,0
DA:37,0
DA:38,0
DA:40,0
DA:44,0
DA:48,0
DA:52,0
DA:56,0
DA:60,0
DA:67,0
DA:74,0
DA:78,0
DA:92,0
DA:93,0
DA:94,0
DA:95,0
LF:28
LH:1
BRDA:13,0,0,0
BRDA:13,0,1,0
BRDA:13,0,2,0
BRDA:13,0,3,0
BRDA:21,1,0,0
BRDA:21,1,1,0
BRDA:21,1,2,0
BRDA:24,2,0,0
BRDA:25,3,0,0
BRDA:25,3,1,0
BRDA:26,4,0,0
BRDA:26,4,1,0
BRDA:27,5,0,0
BRDA:27,5,1,0
BRDA:29,6,0,0
BRDA:29,6,1,0
BRDA:30,7,0,0
BRDA:30,7,1,0
BRDA:30,8,0,0
BRDA:30,8,1,0
BRDA:30,9,0,0
BRDA:30,9,1,0
BRDA:32,10,0,0
BRDA:32,10,1,0
BRDA:33,11,0,0
BRDA:33,11,1,0
BRDA:33,12,0,0
BRDA:33,12,1,0
BRDA:34,13,0,0
BRDA:34,13,1,0
BRDA:35,14,0,0
BRDA:35,14,1,0
BRDA:35,15,0,0
BRDA:35,15,1,0
BRDA:35,15,2,0
BRDA:36,16,0,0
BRDA:36,16,1,0
BRDA:36,16,2,0
BRDA:37,17,0,0
BRDA:37,17,1,0
BRDA:38,18,0,0
BRDA:38,18,1,0
BRDA:40,19,0,0
BRDA:40,19,1,0
BRDA:48,20,0,0
BRDA:48,20,1,0
BRDA:61,21,0,0
BRDA:61,21,1,0
BRDA:62,22,0,0
BRDA:62,22,1,0
BRDA:68,23,0,0
BRDA:68,23,1,0
BRDA:69,24,0,0
BRDA:69,24,1,0
BRDA:74,25,0,0
BRDA:74,25,1,0
BRDA:78,26,0,0
BRDA:78,26,1,0
BRDA:78,27,0,0
BRDA:78,27,1,0
BRDA:92,28,0,0
BRDA:92,28,1,0
BRDA:92,29,0,0
BRDA:92,29,1,0
BRDA:93,30,0,0
BRDA:93,30,1,0
BRDA:94,31,0,0
BRDA:94,31,1,0
BRDA:95,32,0,0
BRDA:95,32,1,0
BRF:70
BRH:0
end_of_record
TN:
SF:components/layoutManager.ts
FN:12,(anonymous_0)
FN:16,(anonymous_1)
FN:20,(anonymous_2)
FN:24,(anonymous_3)
FN:28,(anonymous_4)
FN:35,(anonymous_5)
FN:39,(anonymous_6)
FNF:7
FNH:0
FNDA:0,(anonymous_0)
FNDA:0,(anonymous_1)
FNDA:0,(anonymous_2)
FNDA:0,(anonymous_3)
FNDA:0,(anonymous_4)
FNDA:0,(anonymous_5)
FNDA:0,(anonymous_6)
DA:13,0
DA:17,0
DA:21,0
DA:25,0
DA:29,0
DA:32,0
DA:40,0
DA:44,1
LF:8
LH:1
BRDA:28,0,0,0
BRDA:29,1,0,0
BRDA:29,1,1,0
BRF:3
BRH:0
end_of_record
TN:
SF:components/maintabsmanager.ts
FN:19,ensureElements
FN:25,onViewTabsReady
FN:30,allowSwipe
FN:31,(anonymous_3)
FN:46,configureSwipeTabs
FN:49,(anonymous_5)
FN:53,(anonymous_6)
FN:57,(anonymous_7)
FN:61,(anonymous_8)
FN:65,setTabs
FN:98,(anonymous_10)
FN:120,(anonymous_11)
FN:146,selectedTabIndex
FN:151,getTabsElement
FNF:14
FNH:0
FNDA:0,ensureElements
FNDA:0,onViewTabsReady
FNDA:0,allowSwipe
FNDA:0,(anonymous_3)
FNDA:0,configureSwipeTabs
FNDA:0,(anonymous_5)
FNDA:0,(anonymous_6)
FNDA:0,(anonymous_7)
FNDA:0,(anonymous_8)
FNDA:0,setTabs
FNDA:0,(anonymous_10)
FNDA:0,(anonymous_11)
FNDA:0,selectedTabIndex
FNDA:0,getTabsElement
DA:14,1
DA:15,1
DA:16,1
DA:17,1
DA:20,0
DA:21,0
DA:26,0
DA:27,0
DA:31,0
DA:32,0
DA:33,0
DA:34,0
DA:35,0
DA:38,0
DA:39,0
DA:40,0
DA:41,0
DA:43,0
DA:47,0
DA:49,0
DA:50,0
DA:53,0
DA:54,0
DA:57,0
DA:58,0
DA:59,0
DA:60,0
DA:61,0
DA:74,0
DA:76,0
DA:77,0
DA:78,0
DA:79,0
DA:80,0
DA:81,0
DA:83,0
DA:85,0
DA:88,0
DA:90,0
DA:92,0
DA:94,0
DA:99,0
DA:100,0
DA:101,0
DA:103,0
DA:104,0
DA:105,0
DA:110,0
DA:111,0
DA:113,0
DA:114,0
DA:115,0
DA:117,0
DA:119,0
DA:120,0
DA:121,0
DA:122,0
DA:123,0
DA:124,0
DA:128,0
DA:129,0
DA:131,0
DA:132,0
DA:134,0
DA:135,0
DA:139,0
DA:142,0
DA:143,0
DA:147,0
DA:148,0
DA:152,0
DA:155,1
LF:72
LH:5
BRDA:20,0,0,0
BRDA:20,0,1,0
BRDA:20,1,0,0
BRDA:20,1,1,0
BRDA:32,2,0,0
BRDA:32,2,1,0
BRDA:34,3,0,0
BRDA:34,3,1,0
BRDA:34,4,0,0
BRDA:34,4,1,0
BRDA:40,5,0,0
BRDA:40,5,1,0
BRDA:47,6,0,0
BRDA:47,6,1,0
BRDA:50,7,0,0
BRDA:50,7,1,0
BRDA:50,8,0,0
BRDA:50,8,1,0
BRDA:54,9,0,0
BRDA:54,9,1,0
BRDA:54,10,0,0
BRDA:54,10,1,0
BRDA:76,11,0,0
BRDA:76,11,1,0
BRDA:77,12,0,0
BRDA:77,12,1,0
BRDA:79,13,0,0
BRDA:79,13,1,0
BRDA:88,14,0,0
BRDA:88,14,1,0
BRDA:90,15,0,0
BRDA:90,15,1,0
BRDA:92,16,0,0
BRDA:92,16,1,0
BRDA:95,17,0,0
BRDA:95,17,1,0
BRDA:100,18,0,0
BRDA:100,18,1,0
BRDA:101,19,0,0
BRDA:101,19,1,0
BRDA:103,20,0,0
BRDA:103,20,1,0
BRDA:119,21,0,0
BRDA:119,21,1,0
BRDA:122,22,0,0
BRDA:122,22,1,0
BRDA:128,23,0,0
BRDA:128,23,1,0
BRDA:129,24,0,0
BRDA:129,24,1,0
BRDA:131,25,0,0
BRDA:131,25,1,0
BRDA:132,26,0,0
BRDA:132,26,1,0
BRDA:147,27,0,0
BRDA:147,27,1,0
BRF:56
BRH:0
end_of_record
TN:
SF:components/pluginManager.ts
FN:18,(anonymous_0)
FN:35,(anonymous_1)
FN:39,(anonymous_2)
FN:47,(anonymous_3)
FN:58,(anonymous_4)
FN:61,(anonymous_5)
FN:79,(anonymous_6)
FN:139,(anonymous_7)
FN:144,(anonymous_8)
FN:145,(anonymous_9)
FN:148,(anonymous_10)
FN:153,(anonymous_11)
FN:157,(anonymous_12)
FN:160,(anonymous_13)
FNF:14
FNH:0
FNDA:0,(anonymous_0)
FNDA:0,(anonymous_1)
FNDA:0,(anonymous_2)
FNDA:0,(anonymous_3)
FNDA:0,(anonymous_4)
FNDA:0,(anonymous_5)
FNDA:0,(anonymous_6)
FNDA:0,(anonymous_7)
FNDA:0,(anonymous_8)
FNDA:0,(anonymous_9)
FNDA:0,(anonymous_10)
FNDA:0,(anonymous_11)
FNDA:0,(anonymous_12)
FNDA:0,(anonymous_13)
DA:16,1
DA:18,1
DA:33,1
DA:36,0
DA:40,0
DA:41,0
DA:48,0
DA:50,0
DA:52,0
DA:54,0
DA:59,0
DA:61,0
DA:62,0
DA:65,0
DA:66,0
DA:69,0
DA:71,0
DA:72,0
DA:73,0
DA:76,0
DA:82,0
DA:83,0
DA:84,0
DA:86,0
DA:87,0
DA:88,0
DA:93,0
DA:94,0
DA:95,0
DA:99,0
DA:114,0
DA:116,0
DA:117,0
DA:118,0
DA:120,0
DA:121,0
DA:123,0
DA:124,0
DA:126,0
DA:127,0
DA:129,0
DA:132,0
DA:140,0
DA:141,0
DA:145,0
DA:150,0
DA:153,0
DA:159,0
DA:160,0
DA:161,0
DA:164,0
DA:167,0
DA:169,0
DA:171,0
DA:172,0
DA:173,0
DA:176,0
DA:180,1
LF:58
LH:4
BRDA:40,0,0,0
BRDA:40,0,1,0
BRDA:42,1,0,0
BRDA:42,1,1,0
BRDA:42,1,2,0
BRDA:50,2,0,0
BRDA:50,2,1,0
BRDA:59,3,0,0
BRDA:59,3,1,0
BRDA:65,4,0,0
BRDA:65,4,1,0
BRDA:82,5,0,0
BRDA:82,5,1,0
BRDA:83,6,0,0
BRDA:83,6,1,0
BRDA:87,7,0,0
BRDA:87,7,1,0
BRDA:94,8,0,0
BRDA:94,8,1,0
BRDA:116,9,0,0
BRDA:116,9,1,0
BRDA:117,10,0,0
BRDA:117,10,1,0
BRDA:123,11,0,0
BRDA:123,11,1,0
BRDA:123,12,0,0
BRDA:123,12,1,0
BRDA:153,13,0,0
BRDA:153,13,1,0
BRDA:153,14,0,0
BRDA:153,14,1,0
BRDA:159,15,0,0
BRDA:159,15,1,0
BRDA:161,16,0,0
BRDA:161,16,1,0
BRDA:167,17,0,0
BRDA:167,17,1,0
BRDA:169,18,0,0
BRDA:169,18,1,0
BRDA:171,19,0,0
BRDA:171,19,1,0
BRDA:172,20,0,0
BRDA:172,20,1,0
BRF:43
BRH:0
end_of_record
TN:
SF:components/viewContainer.ts
FN:25,(anonymous_0)
FN:29,setControllerClass
FN:40,(anonymous_2)
FN:41,(anonymous_3)
FN:44,(anonymous_4)
FN:49,(anonymous_5)
FN:57,parseHtml
FN:67,normalizeNewView
FN:85,triggerDestroy
FN:89,loadView
FN:130,(anonymous_10)
FN:130,(anonymous_11)
FN:131,(anonymous_12)
FN:153,tryRestoreView
FN:164,(anonymous_14)
FN:186,reset
FN:195,setOnBeforeChange
FNF:17
FNH:2
FNDA:3,(anonymous_0)
FNDA:0,setControllerClass
FNDA:0,(anonymous_2)
FNDA:0,(anonymous_3)
FNDA:0,(anonymous_4)
FNDA:0,(anonymous_5)
FNDA:0,parseHtml
FNDA:0,normalizeNewView
FNDA:0,triggerDestroy
FNDA:0,loadView
FNDA:0,(anonymous_10)
FNDA:0,(anonymous_11)
FNDA:0,(anonymous_12)
FNDA:0,tryRestoreView
FNDA:0,(anonymous_14)
FNDA:2,reset
FNDA:0,setOnBeforeChange
DA:20,1
DA:21,1
DA:22,1
DA:23,1
DA:25,1
DA:26,3
DA:30,0
DA:32,0
DA:33,0
DA:34,0
DA:35,0
DA:37,0
DA:38,0
DA:39,0
DA:40,0
DA:42,0
DA:43,0
DA:44,0
DA:45,0
DA:46,0
DA:50,0
DA:51,0
DA:54,0
DA:58,0
DA:59,0
DA:60,0
DA:62,0
DA:63,0
DA:64,0
DA:68,0
DA:69,0
DA:70,0
DA:71,0
DA:72,0
DA:75,0
DA:76,0
DA:77,0
DA:79,0
DA:86,0
DA:90,0
DA:92,0
DA:93,0
DA:94,0
DA:95,0
DA:97,0
DA:98,0
DA:99,0
DA:100,0
DA:102,0
DA:103,0
DA:105,0
DA:106,0
DA:107,0
DA:108,0
DA:111,0
DA:112,0
DA:113,0
DA:114,0
DA:116,0
DA:118,0
DA:119,0
DA:121,0
DA:124,0
DA:125,0
DA:127,0
DA:129,0
DA:130,0
DA:132,0
DA:133,0
DA:134,0
DA:136,0
DA:137,0
DA:139,0
DA:140,0
DA:141,0
DA:145,0
DA:146,0
DA:147,0
DA:149,0
DA:154,0
DA:155,0
DA:157,0
DA:158,0
DA:159,0
DA:161,0
DA:162,0
DA:164,0
DA:165,0
DA:166,0
DA:167,0
DA:169,0
DA:170,0
DA:172,0
DA:173,0
DA:174,0
DA:178,0
DA:179,0
DA:180,0
DA:182,0
DA:187,2
DA:188,2
DA:189,2
DA:190,2
DA:191,2
DA:192,2
DA:196,0
DA:199,1
DA:201,1
LF:108
LH:14
BRDA:30,0,0,0
BRDA:30,0,1,0
BRDA:33,1,0,0
BRDA:33,1,1,0
BRDA:34,2,0,0
BRDA:34,2,1,0
BRDA:59,3,0,0
BRDA:59,3,1,0
BRDA:69,4,0,0
BRDA:69,4,1,0
BRDA:77,5,0,0
BRDA:77,5,1,0
BRDA:77,6,0,0
BRDA:77,6,1,0
BRDA:90,7,0,0
BRDA:90,7,1,0
BRDA:93,8,0,0
BRDA:93,8,1,0
BRDA:95,9,0,0
BRDA:95,9,1,0
BRDA:102,10,0,0
BRDA:102,10,1,0
BRDA:106,11,0,0
BRDA:106,11,1,0
BRDA:111,12,0,0
BRDA:111,12,1,0
BRDA:112,13,0,0
BRDA:112,13,1,0
BRDA:112,14,0,0
BRDA:112,14,1,0
BRDA:118,15,0,0
BRDA:118,15,1,0
BRDA:118,16,0,0
BRDA:118,16,1,0
BRDA:124,17,0,0
BRDA:124,17,1,0
BRDA:125,18,0,0
BRDA:125,18,1,0
BRDA:134,19,0,0
BRDA:134,19,1,0
BRDA:134,20,0,0
BRDA:134,20,1,0
BRDA:139,21,0,0
BRDA:139,21,1,0
BRDA:139,22,0,0
BRDA:139,22,1,0
BRDA:141,23,0,0
BRDA:141,23,1,0
BRDA:145,24,0,0
BRDA:145,24,1,0
BRDA:146,25,0,0
BRDA:146,25,1,0
BRDA:155,26,0,0
BRDA:155,26,1,0
BRDA:158,27,0,0
BRDA:158,27,1,0
BRDA:159,28,0,0
BRDA:159,28,1,0
BRDA:162,29,0,0
BRDA:162,29,1,0
BRDA:167,30,0,0
BRDA:167,30,1,0
BRDA:167,31,0,0
BRDA:167,31,1,0
BRDA:172,32,0,0
BRDA:172,32,1,0
BRDA:172,33,0,0
BRDA:172,33,1,0
BRDA:174,34,0,0
BRDA:174,34,1,0
BRDA:178,35,0,0
BRDA:178,35,1,0
BRDA:179,36,0,0
BRDA:179,36,1,0
BRDA:191,37,0,1
BRDA:191,37,1,1
BRDA:201,38,0,1
BRDA:201,38,1,0
BRF:78
BRH:3
end_of_record
TN:
SF:components/backdrop/backdrop.css.ts
FNF:0
FNH:0
LF:0
LH:0
BRF:0
BRH:0
end_of_record
TN:
SF:components/backdrop/backdrop.ts
FN:12,enableAnimation
FN:16,enableRotation
FN:24,(anonymous_2)
FN:26,(anonymous_3)
FN:41,(anonymous_4)
FN:53,(anonymous_5)
FN:60,(anonymous_6)
FN:67,getBackdropContainer
FN:77,clearBackdrop
FN:90,getBackgroundContainer
FN:95,setBackgroundContainerBackgroundEnabled
FN:100,internalBackdrop
FN:106,externalBackdrop
FN:112,setBackdropImage
FN:127,getItemImageUrls
FN:130,(anonymous_15)
FN:141,(anonymous_16)
FN:154,getImageUrls
FN:155,(anonymous_18)
FN:162,setBackdrops
FN:170,setBackdropImages
FN:182,onRotationInterval
FN:190,clearRotation
FN:197,setBackdrop
FN:213,setBackdropTransparency
FNF:25
FNH:0
FNDA:0,enableAnimation
FNDA:0,enableRotation
FNDA:0,(anonymous_2)
FNDA:0,(anonymous_3)
FNDA:0,(anonymous_4)
FNDA:0,(anonymous_5)
FNDA:0,(anonymous_6)
FNDA:0,getBackdropContainer
FNDA:0,clearBackdrop
FNDA:0,getBackgroundContainer
FNDA:0,setBackgroundContainerBackgroundEnabled
FNDA:0,internalBackdrop
FNDA:0,externalBackdrop
FNDA:0,setBackdropImage
FNDA:0,getItemImageUrls
FNDA:0,(anonymous_15)
FNDA:0,(anonymous_16)
FNDA:0,getImageUrls
FNDA:0,(anonymous_18)
FNDA:0,setBackdrops
FNDA:0,setBackdropImages
FNDA:0,onRotationInterval
FNDA:0,clearRotation
FNDA:0,setBackdrop
FNDA:0,setBackdropTransparency
DA:13,0
DA:17,0
DA:21,0
DA:22,0
DA:25,0
DA:26,0
DA:27,0
DA:29,0
DA:30,0
DA:31,0
DA:32,0
DA:33,0
DA:35,0
DA:36,0
DA:37,0
DA:38,0
DA:41,0
DA:42,0
DA:43,0
DA:44,0
DA:47,0
DA:48,0
DA:50,0
DA:54,0
DA:55,0
DA:56,0
DA:61,0
DA:62,0
DA:66,1
DA:68,0
DA:69,0
DA:70,0
DA:71,0
DA:72,0
DA:74,0
DA:78,0
DA:79,0
DA:80,0
DA:81,0
DA:83,0
DA:84,0
DA:85,0
DA:86,0
DA:89,1
DA:91,0
DA:92,0
DA:96,0
DA:99,1
DA:101,0
DA:102,0
DA:105,1
DA:107,0
DA:108,0
DA:111,1
DA:113,0
DA:114,0
DA:115,0
DA:117,0
DA:118,0
DA:119,0
DA:120,0
DA:122,0
DA:123,0
DA:124,0
DA:128,0
DA:129,0
DA:130,0
DA:131,0
DA:140,0
DA:141,0
DA:142,0
DA:151,0
DA:155,0
DA:158,1
DA:159,1
DA:160,1
DA:163,0
DA:164,0
DA:165,0
DA:166,0
DA:171,0
DA:172,0
DA:173,0
DA:174,0
DA:175,0
DA:176,0
DA:178,0
DA:179,0
DA:183,0
DA:184,0
DA:185,0
DA:186,0
DA:187,0
DA:191,0
DA:192,0
DA:193,0
DA:194,0
DA:198,0
DA:199,0
DA:200,0
DA:201,0
DA:202,0
DA:205,1
DA:214,0
DA:215,0
DA:217,0
DA:218,0
DA:219,0
DA:220,0
DA:221,0
DA:222,0
DA:223,0
DA:224,0
DA:225,0
DA:226,0
DA:228,0
DA:229,0
DA:230,0
DA:231,0
LF:119
LH:9
BRDA:27,0,0,0
BRDA:27,0,1,0
BRDA:35,1,0,0
BRDA:35,1,1,0
BRDA:43,2,0,0
BRDA:43,2,1,0
BRDA:54,3,0,0
BRDA:54,3,1,0
BRDA:68,4,0,0
BRDA:68,4,1,0
BRDA:69,5,0,0
BRDA:69,5,1,0
BRDA:79,6,0,0
BRDA:79,6,1,0
BRDA:85,7,0,0
BRDA:85,7,1,0
BRDA:91,8,0,0
BRDA:91,8,1,0
BRDA:91,9,0,0
BRDA:91,9,1,0
BRDA:96,10,0,0
BRDA:96,10,1,0
BRDA:113,11,0,0
BRDA:113,11,1,0
BRDA:119,12,0,0
BRDA:119,12,1,0
BRDA:127,13,0,0
BRDA:129,14,0,0
BRDA:129,14,1,0
BRDA:131,15,0,0
BRDA:131,15,1,0
BRDA:140,16,0,0
BRDA:140,16,1,0
BRDA:140,17,0,0
BRDA:140,17,1,0
BRDA:162,18,0,0
BRDA:163,19,0,0
BRDA:163,19,1,0
BRDA:163,20,0,0
BRDA:163,20,1,0
BRDA:165,21,0,0
BRDA:165,21,1,0
BRDA:171,22,0,0
BRDA:171,22,1,0
BRDA:175,23,0,0
BRDA:175,23,1,0
BRDA:175,24,0,0
BRDA:175,24,1,0
BRDA:183,25,0,0
BRDA:183,25,1,0
BRDA:183,26,0,0
BRDA:183,26,1,0
BRDA:185,27,0,0
BRDA:185,27,1,0
BRDA:187,28,0,0
BRDA:187,28,1,0
BRDA:191,29,0,0
BRDA:191,29,1,0
BRDA:198,30,0,0
BRDA:198,30,1,0
BRDA:198,31,0,0
BRDA:198,31,1,0
BRDA:199,32,0,0
BRDA:199,32,1,0
BRDA:217,33,0,0
BRDA:217,33,1,0
BRDA:217,34,0,0
BRDA:217,34,1,0
BRDA:222,35,0,0
BRDA:222,35,1,0
BRDA:222,36,0,0
BRDA:222,36,1,0
BRF:72
BRH:0
end_of_record
TN:
SF:components/confirm/confirm.ts
FN:14,confirm
FN:40,(anonymous_1)
FNF:2
FNH:0
FNDA:0,confirm
FNDA:0,(anonymous_1)
DA:15,0
DA:16,0
DA:22,0
DA:24,0
DA:30,0
DA:36,0
DA:38,0
DA:40,0
DA:41,0
DA:42,0
DA:45,0
LF:11
LH:0
BRDA:14,0,0,0
BRDA:15,1,0,0
BRDA:15,1,1,0
BRDA:25,2,0,0
BRDA:25,2,1,0
BRDA:31,3,0,0
BRDA:31,3,1,0
BRDA:33,4,0,0
BRDA:33,4,1,0
BRDA:41,5,0,0
BRDA:41,5,1,0
BRF:11
BRH:0
end_of_record
TN:
SF:components/dialog/dialog.ts
FN:21,showDialog
FN:51,(anonymous_1)
FN:58,(anonymous_2)
FN:63,(anonymous_3)
FN:70,show
FNF:5
FNH:0
FNDA:0,showDialog
FNDA:0,(anonymous_1)
FNDA:0,(anonymous_2)
FNDA:0,(anonymous_3)
FNDA:0,show
DA:22,0
DA:28,0
DA:30,0
DA:31,0
DA:33,0
DA:45,0
DA:46,0
DA:47,0
DA:49,0
DA:50,0
DA:51,0
DA:52,0
DA:53,0
DA:55,0
DA:58,0
DA:59,0
DA:60,0
DA:63,0
DA:65,0
DA:66,0
DA:67,0
DA:71,0
DA:72,0
DA:74,0
DA:77,1
LF:25
LH:1
BRDA:28,0,0,0
BRDA:28,0,1,0
BRDA:35,1,0,0
BRDA:35,1,1,0
BRDA:47,2,0,0
BRDA:47,2,1,0
BRDA:47,2,2,0
BRDA:52,3,0,0
BRDA:52,3,1,0
BRDA:59,4,0,0
BRDA:59,4,1,0
BRDA:66,5,0,0
BRDA:66,5,1,0
BRDA:71,6,0,0
BRDA:71,6,1,0
BRF:15
BRH:0
end_of_record
TN:
SF:components/dialogHelper/dialogHelper.ts
FN:31,enableAnimation
FN:35,removeCenterFocus
FN:38,(anonymous_2)
FN:45,tryRemoveElement
FN:53,(anonymous_4)
FN:67,(anonymous_5)
FN:79,(anonymous_6)
FN:91,(anonymous_7)
FN:107,(anonymous_8)
FN:116,(anonymous_9)
FN:140,(anonymous_10)
FN:155,(anonymous_11)
FN:169,(anonymous_12)
FN:177,open
FN:185,(anonymous_14)
FN:188,close
FN:191,(anonymous_16)
FN:204,createDialog
FN:236,setOnOpen
FNF:19
FNH:0
FNDA:0,enableAnimation
FNDA:0,removeCenterFocus
FNDA:0,(anonymous_2)
FNDA:0,tryRemoveElement
FNDA:0,(anonymous_4)
FNDA:0,(anonymous_5)
FNDA:0,(anonymous_6)
FNDA:0,(anonymous_7)
FNDA:0,(anonymous_8)
FNDA:0,(anonymous_9)
FNDA:0,(anonymous_10)
FNDA:0,(anonymous_11)
FNDA:0,(anonymous_12)
FNDA:0,open
FNDA:0,(anonymous_14)
FNDA:0,close
FNDA:0,(anonymous_16)
FNDA:0,createDialog
FNDA:0,setOnOpen
DA:32,0
DA:36,0
DA:37,0
DA:38,0
DA:39,0
DA:40,0
DA:46,0
DA:51,0
DA:54,0
DA:59,0
DA:62,0
DA:63,0
DA:64,0
DA:65,0
DA:67,0
DA:68,0
DA:69,0
DA:70,0
DA:71,0
DA:74,0
DA:75,0
DA:76,0
DA:77,0
DA:78,0
DA:79,0
DA:80,0
DA:83,0
DA:84,0
DA:85,0
DA:87,0
DA:88,0
DA:89,0
DA:90,0
DA:91,0
DA:92,0
DA:96,0
DA:97,0
DA:98,0
DA:99,0
DA:100,0
DA:101,0
DA:102,0
DA:104,0
DA:107,0
DA:108,0
DA:109,0
DA:110,0
DA:112,0
DA:113,0
DA:116,0
DA:117,0
DA:118,0
DA:119,0
DA:120,0
DA:124,0
DA:125,0
DA:126,0
DA:129,0
DA:130,0
DA:131,0
DA:132,0
DA:133,0
DA:134,0
DA:135,0
DA:137,0
DA:141,0
DA:146,0
DA:147,0
DA:149,0
DA:150,0
DA:151,0
DA:155,0
DA:156,0
DA:157,0
DA:158,0
DA:159,0
DA:162,0
DA:163,0
DA:165,0
DA:166,0
DA:167,0
DA:168,0
DA:169,0
DA:170,0
DA:171,0
DA:173,0
DA:178,0
DA:179,0
DA:180,0
DA:181,0
DA:182,0
DA:183,0
DA:184,0
DA:185,0
DA:189,0
DA:190,0
DA:191,0
DA:192,0
DA:193,0
DA:194,0
DA:197,0
DA:198,0
DA:199,0
DA:200,0
DA:201,0
DA:205,0
DA:206,0
DA:207,0
DA:209,0
DA:210,0
DA:211,0
DA:212,0
DA:214,0
DA:215,0
DA:217,0
DA:222,0
DA:223,0
DA:225,0
DA:226,0
DA:228,0
DA:229,0
DA:230,0
DA:233,0
DA:237,0
DA:240,1
LF:125
LH:1
BRDA:32,0,0,0
BRDA:32,0,1,0
BRDA:36,1,0,0
BRDA:36,1,1,0
BRDA:39,2,0,0
BRDA:39,2,1,0
BRDA:39,3,0,0
BRDA:39,3,1,0
BRDA:68,4,0,0
BRDA:68,4,1,0
BRDA:69,5,0,0
BRDA:69,5,1,0
BRDA:74,6,0,0
BRDA:74,6,1,0
BRDA:77,7,0,0
BRDA:77,7,1,0
BRDA:85,8,0,0
BRDA:85,8,1,0
BRDA:87,9,0,0
BRDA:87,9,1,0
BRDA:88,10,0,0
BRDA:88,10,1,0
BRDA:89,11,0,0
BRDA:89,11,1,0
BRDA:90,12,0,0
BRDA:90,12,1,0
BRDA:96,13,0,0
BRDA:96,13,1,0
BRDA:97,14,0,0
BRDA:97,14,1,0
BRDA:99,15,0,0
BRDA:99,15,1,0
BRDA:104,16,0,0
BRDA:104,16,1,0
BRDA:108,17,0,0
BRDA:108,17,1,0
BRDA:117,18,0,0
BRDA:117,18,1,0
BRDA:125,19,0,0
BRDA:125,19,1,0
BRDA:131,20,0,0
BRDA:131,20,1,0
BRDA:138,21,0,0
BRDA:138,21,1,0
BRDA:141,22,0,0
BRDA:141,22,1,0
BRDA:149,23,0,0
BRDA:149,23,1,0
BRDA:149,24,0,0
BRDA:149,24,1,0
BRDA:157,25,0,0
BRDA:157,25,1,0
BRDA:158,26,0,0
BRDA:158,26,1,0
BRDA:158,27,0,0
BRDA:158,27,1,0
BRDA:162,28,0,0
BRDA:162,28,1,0
BRDA:165,29,0,0
BRDA:165,29,1,0
BRDA:166,30,0,0
BRDA:166,30,1,0
BRDA:167,31,0,0
BRDA:167,31,1,0
BRDA:170,32,0,0
BRDA:170,32,1,0
BRDA:171,33,0,0
BRDA:171,33,1,0
BRDA:171,34,0,0
BRDA:171,34,1,0
BRDA:189,35,0,0
BRDA:189,35,1,0
BRDA:197,36,0,0
BRDA:197,36,1,0
BRDA:197,37,0,0
BRDA:197,37,1,0
BRDA:204,38,0,0
BRDA:206,39,0,0
BRDA:206,39,1,0
BRDA:209,40,0,0
BRDA:209,40,1,0
BRDA:209,41,0,0
BRDA:209,41,1,0
BRDA:210,42,0,0
BRDA:210,42,1,0
BRDA:211,43,0,0
BRDA:211,43,1,0
BRDA:212,44,0,0
BRDA:212,44,1,0
BRDA:214,45,0,0
BRDA:214,45,1,0
BRDA:214,46,0,0
BRDA:214,46,1,0
BRDA:215,47,0,0
BRDA:215,47,1,0
BRDA:215,48,0,0
BRDA:215,48,1,0
BRDA:218,49,0,0
BRDA:218,49,1,0
BRDA:219,50,0,0
BRDA:219,50,1,0
BRDA:222,51,0,0
BRDA:222,51,1,0
BRDA:222,52,0,0
BRDA:222,52,1,0
BRDA:225,53,0,0
BRDA:225,53,1,0
BRDA:226,54,0,0
BRDA:226,54,1,0
BRDA:228,55,0,0
BRDA:228,55,1,0
BRF:111
BRH:0
end_of_record
TN:
SF:components/dialogHelper/dialoghelper.css.ts
FNF:0
FNH:0
LF:0
LH:0
BRF:0
BRH:0
end_of_record
TN:
SF:components/layout/HeaderActions.tsx
FN:12,(anonymous_0)
FN:13,(anonymous_1)
FN:16,(anonymous_2)
FN:17,(anonymous_3)
FN:24,(anonymous_4)
FN:27,(anonymous_5)
FN:32,(anonymous_6)
FNF:7
FNH:7
FNDA:4,(anonymous_0)
FNDA:4,(anonymous_1)
FNDA:3,(anonymous_2)
FNDA:3,(anonymous_3)
FNDA:3,(anonymous_4)
FNDA:1,(anonymous_5)
FNDA:1,(anonymous_6)
DA:12,1
DA:13,4
DA:14,4
DA:16,4
DA:17,3
DA:18,3
DA:19,3
DA:22,3
DA:23,3
DA:24,3
DA:27,4
DA:28,1
DA:29,1
DA:32,4
DA:33,1
DA:36,4
LF:16
LH:16
BRDA:19,0,0,3
BRDA:19,0,1,3
BRDA:52,1,0,1
BRDA:52,1,1,3
BRDA:57,2,0,1
BRDA:57,2,1,3
BRF:6
BRH:6
end_of_record
TN:
SF:components/layout/LayoutProvider.tsx
FN:9,(anonymous_0)
FNF:1
FNH:1
FNDA:8,(anonymous_0)
DA:9,2
DA:10,8
DA:11,8
DA:12,8
DA:14,8
LF:5
LH:5
BRDA:18,0,0,2
BRDA:18,0,1,6
BRDA:20,1,0,4
BRDA:20,1,1,2
BRF:4
BRH:4
end_of_record
TN:
SF:components/layout/MainLayout.tsx
FN:11,(anonymous_0)
FN:12,(anonymous_1)
FN:13,(anonymous_2)
FN:17,(anonymous_3)
FN:27,(anonymous_4)
FN:28,(anonymous_5)
FNF:6
FNH:4
FNDA:7,(anonymous_0)
FNDA:14,(anonymous_1)
FNDA:14,(anonymous_2)
FNDA:5,(anonymous_3)
FNDA:0,(anonymous_4)
FNDA:0,(anonymous_5)
DA:11,2
DA:12,14
DA:13,14
DA:14,7
DA:17,7
DA:18,5
DA:21,4
DA:22,2
DA:27,7
DA:28,7
DA:31,7
DA:33,7
LF:12
LH:12
BRDA:18,0,0,4
BRDA:18,0,1,1
BRDA:21,1,0,2
BRDA:21,1,1,2
BRDA:31,2,0,5
BRDA:31,2,1,2
BRDA:31,3,0,7
BRDA:31,3,1,6
BRDA:35,4,0,7
BRDA:35,4,1,6
BRDA:42,5,0,6
BRDA:42,5,1,1
BRF:12
BRH:12
end_of_record
TN:
SF:components/layout/Sidebar.tsx
FN:14,(anonymous_0)
FN:27,(anonymous_1)
FN:31,(anonymous_2)
FN:33,(anonymous_3)
FN:38,(anonymous_4)
FN:77,(anonymous_5)
FNF:6
FNH:5
FNDA:4,(anonymous_0)
FNDA:2,(anonymous_1)
FNDA:2,(anonymous_2)
FNDA:1,(anonymous_3)
FNDA:0,(anonymous_4)
FNDA:4,(anonymous_5)
DA:14,1
DA:15,4
DA:16,2
DA:17,2
DA:18,0
DA:19,0
DA:20,0
DA:21,0
DA:22,0
DA:23,0
DA:27,1
DA:28,2
DA:29,2
DA:30,2
DA:31,2
DA:33,2
DA:34,1
DA:35,1
DA:38,2
DA:39,0
DA:42,2
DA:78,4
LF:22
LH:15
BRDA:15,0,0,2
BRDA:15,0,1,2
BRDA:15,0,2,0
BRDA:15,0,3,0
BRDA:15,0,4,0
BRDA:15,0,5,0
BRDA:15,0,6,0
BRDA:15,0,7,0
BRDA:72,1,0,2
BRDA:72,1,1,2
BRDA:72,1,2,2
BRDA:99,2,0,2
BRDA:99,2,1,2
BRF:13
BRH:7
end_of_record
TN:
SF:components/layout/Tabs.tsx
FN:14,(anonymous_0)
FN:17,(anonymous_1)
FN:18,(anonymous_2)
FN:33,(anonymous_3)
FN:40,(anonymous_4)
FN:49,(anonymous_5)
FNF:6
FNH:5
FNDA:4,(anonymous_0)
FNDA:2,(anonymous_1)
FNDA:2,(anonymous_2)
FNDA:2,(anonymous_3)
FNDA:0,(anonymous_4)
FNDA:4,(anonymous_5)
DA:14,1
DA:15,4
DA:17,4
DA:18,2
DA:21,2
DA:22,0
DA:24,2
DA:32,2
DA:33,2
DA:36,4
DA:37,2
DA:40,2
DA:41,0
DA:42,0
DA:45,2
DA:50,4
DA:53,4
DA:61,4
DA:62,0
DA:73,4
LF:20
LH:16
BRDA:21,0,0,0
BRDA:21,0,1,2
BRDA:21,1,0,2
BRDA:21,1,1,2
BRDA:26,2,0,2
BRDA:26,2,1,0
BRDA:36,3,0,2
BRDA:36,3,1,2
BRDA:36,4,0,4
BRDA:36,4,1,2
BRDA:36,4,2,2
BRDA:50,5,0,0
BRDA:50,5,1,4
BRDA:61,6,0,0
BRDA:61,6,1,4
BRF:15
BRH:11
end_of_record
TN:
SF:components/layout/useDrawerGestures.ts
FN:5,(anonymous_0)
FN:6,(anonymous_1)
FN:7,(anonymous_2)
FN:15,(anonymous_3)
FN:18,(anonymous_4)
FN:35,(anonymous_5)
FN:41,(anonymous_6)
FN:69,(anonymous_7)
FNF:8
FNH:7
FNDA:9,(anonymous_0)
FNDA:29,(anonymous_1)
FNDA:29,(anonymous_2)
FNDA:7,(anonymous_3)
FNDA:2,(anonymous_4)
FNDA:0,(anonymous_5)
FNDA:2,(anonymous_6)
FNDA:3,(anonymous_7)
DA:5,2
DA:6,29
DA:7,29
DA:10,9
DA:11,9
DA:12,9
DA:13,9
DA:15,9
DA:16,7
DA:18,3
DA:20,2
DA:22,2
DA:23,2
DA:27,2
DA:29,2
DA:30,2
DA:31,2
DA:32,2
DA:35,3
DA:36,0
DA:41,3
DA:42,2
DA:44,2
DA:45,2
DA:47,2
DA:48,2
DA:49,2
DA:50,2
DA:54,2
DA:56,2
DA:57,1
DA:61,2
DA:65,3
DA:66,3
DA:67,3
DA:69,3
DA:70,3
DA:71,3
DA:72,3
LF:39
LH:38
BRDA:16,0,0,4
BRDA:16,0,1,3
BRDA:20,1,0,0
BRDA:20,1,1,2
BRDA:23,2,0,0
BRDA:23,2,1,2
BRDA:27,3,0,0
BRDA:27,3,1,2
BRDA:36,4,0,0
BRDA:36,4,1,0
BRDA:36,5,0,0
BRDA:36,5,1,0
BRDA:42,6,0,0
BRDA:42,6,1,2
BRDA:42,7,0,2
BRDA:42,7,1,2
BRDA:45,8,0,0
BRDA:45,8,1,2
BRDA:54,9,0,2
BRDA:54,9,1,0
BRDA:54,10,0,2
BRDA:54,10,1,1
BRDA:54,10,2,1
BRDA:56,11,0,1
BRDA:56,11,1,1
BRF:25
BRH:15
end_of_record
TN:
SF:components/layout/useLayoutMode.ts
FN:9,(anonymous_0)
FN:12,(anonymous_1)
FN:23,(anonymous_2)
FNF:3
FNH:3
FNDA:13,(anonymous_0)
FNDA:43,(anonymous_1)
FNDA:31,(anonymous_2)
DA:7,2
DA:9,2
DA:10,13
DA:12,43
DA:14,13
DA:18,13
DA:21,13
DA:23,13
DA:24,31
DA:27,13
LF:10
LH:10
BRDA:14,0,0,13
BRDA:14,0,1,0
BRDA:18,1,0,0
BRDA:18,1,1,13
BRDA:18,2,0,8
BRDA:18,2,1,5
BRDA:21,3,0,13
BRDA:21,3,1,12
BRDA:21,3,2,12
BRDA:31,4,0,13
BRDA:31,4,1,6
BRF:11
BRH:9
end_of_record
TN:
SF:components/layout/useLegacyDrawerSync.ts
FN:5,(anonymous_0)
FN:7,(anonymous_1)
FN:8,(anonymous_2)
FN:11,(anonymous_3)
FN:37,(anonymous_4)
FN:43,(anonymous_5)
FN:44,(anonymous_6)
FN:57,(anonymous_7)
FNF:8
FNH:8
FNDA:8,(anonymous_0)
FNDA:27,(anonymous_1)
FNDA:27,(anonymous_2)
FNDA:7,(anonymous_3)
FNDA:5,(anonymous_4)
FNDA:1,(anonymous_5)
FNDA:1,(anonymous_6)
FNDA:2,(anonymous_7)
DA:5,2
DA:6,8
DA:7,27
DA:8,27
DA:11,8
DA:16,7
DA:18,4
DA:19,4
DA:21,3
DA:23,3
DA:27,1
DA:28,1
DA:29,2
DA:31,0
DA:32,0
DA:37,8
DA:38,5
DA:40,3
DA:41,3
DA:43,2
DA:44,1
DA:45,1
DA:46,1
DA:48,1
DA:49,1
DA:55,2
DA:57,2
LF:27
LH:25
BRDA:16,0,0,3
BRDA:16,0,1,4
BRDA:16,1,0,7
BRDA:16,1,1,5
BRDA:19,2,0,1
BRDA:19,2,1,3
BRDA:23,3,0,1
BRDA:23,3,1,2
BRDA:23,4,0,3
BRDA:23,4,1,1
BRDA:29,5,0,0
BRDA:29,5,1,2
BRDA:29,6,0,2
BRDA:29,6,1,2
BRDA:38,7,0,2
BRDA:38,7,1,3
BRDA:38,8,0,5
BRDA:38,8,1,4
BRDA:41,9,0,1
BRDA:41,9,1,2
BRDA:45,10,0,1
BRDA:45,10,1,0
BRDA:45,11,0,1
BRDA:45,11,1,1
BRDA:48,12,0,1
BRDA:48,12,1,0
BRF:26
BRH:23
end_of_record
TN:
SF:components/loading/loading.ts
FN:9,show
FN:13,hide
FNF:2
FNH:0
FNDA:0,show
FNDA:0,hide
DA:10,0
DA:14,0
DA:17,1
DA:28,1
DA:29,1
LF:5
LH:3
BRDA:28,0,0,1
BRDA:28,0,1,0
BRF:2
BRH:1
end_of_record
TN:
SF:components/playback/playbackmanager.ts
FN:36,(anonymous_0)
FN:44,enableLocalPlaylistManagement
FN:52,bindToFullscreenChange
FN:54,(anonymous_3)
FN:61,(anonymous_4)
FN:69,triggerPlayerChange
FN:96,reportPlayback
FN:132,(anonymous_7)
FN:135,(anonymous_8)
FN:140,normalizeName
FN:144,getItemsForPlayback
FN:150,(anonymous_11)
FN:171,createStreamInfoFromUrlItem
FN:182,mergePlaybackQueries
FN:193,getMimeType
FN:221,getParam
FN:234,isAutomaticPlayer
FN:238,getAutomaticPlayers
FN:249,isServerItem
FN:253,enableIntros
FN:268,getIntros
FN:282,(anonymous_21)
FN:285,(anonymous_22)
FN:293,getAudioMaxValues
FN:299,(anonymous_24)
FN:301,(anonymous_25)
FN:321,(anonymous_26)
FN:329,getAudioStreamUrl
FN:359,isCrossOriginServer
FN:378,isCrossOriginRequestUrl
FN:389,getAudioStreamUrlFromDeviceProfile
FN:396,(anonymous_31)
FN:401,(anonymous_32)
FN:409,(anonymous_33)
FN:431,getStreamUrls
FN:438,(anonymous_35)
FN:444,(anonymous_36)
FN:487,setStreamUrls
FN:494,(anonymous_38)
FN:511,getPlaybackInfo
FN:610,getOptimalMediaSource
FN:611,(anonymous_41)
FN:619,(anonymous_42)
FN:623,(anonymous_43)
FN:628,(anonymous_44)
FN:635,(anonymous_45)
FN:643,getLiveStream
FN:692,isHostReachable
FN:697,(anonymous_48)
FN:715,supportsDirectPlay
FN:743,validatePlaybackInfoResult
FN:758,showPlaybackInfoErrorMessage
FN:765,normalizePlayOptions
FN:769,truncatePlayOptions
FN:779,getNowPlayingItemForReporting
FN:795,displayPlayerIndividually
FN:799,createTarget
FN:810,getPlayerTargets
FN:818,sortPlayerTargets
FN:884,(anonymous_59)
FN:890,(anonymous_60)
FN:892,(anonymous_61)
FN:896,(anonymous_62)
FN:907,(anonymous_63)
FN:916,(anonymous_64)
FN:920,(anonymous_65)
FN:924,(anonymous_66)
FN:932,(anonymous_67)
FN:942,(anonymous_68)
FN:949,(anonymous_69)
FN:954,(anonymous_70)
FN:957,(anonymous_71)
FN:969,(anonymous_72)
FN:978,(anonymous_73)
FN:979,(anonymous_74)
FN:993,(anonymous_75)
FN:1006,(anonymous_76)
FN:1019,(anonymous_77)
FN:1032,(anonymous_78)
FN:1050,(anonymous_79)
FN:1059,(anonymous_80)
FN:1072,(anonymous_81)
FN:1086,(anonymous_82)
FN:1096,(anonymous_83)
FN:1106,(anonymous_84)
FN:1117,(anonymous_85)
FN:1127,(anonymous_86)
FN:1154,(anonymous_87)
FN:1165,(anonymous_88)
FN:1181,(anonymous_89)
FN:1199,(anonymous_90)
FN:1294,(anonymous_91)
FN:1298,(anonymous_92)
FN:1305,(anonymous_93)
FN:1326,(anonymous_94)
FN:1356,(anonymous_95)
FN:1366,(anonymous_96)
FN:1385,(anonymous_97)
FN:1488,(anonymous_98)
FN:1493,(anonymous_99)
FN:1495,(anonymous_100)
FN:1523,(anonymous_101)
FN:1528,(anonymous_102)
FN:1533,(anonymous_103)
FN:1537,(anonymous_104)
FN:1541,(anonymous_105)
FN:1546,(anonymous_106)
FN:1550,(anonymous_107)
FN:1554,(anonymous_108)
FN:1558,(anonymous_109)
FN:1562,(anonymous_110)
FN:1589,(anonymous_111)
FN:1607,(anonymous_112)
FN:1626,(anonymous_113)
FN:1645,(anonymous_114)
FN:1652,(anonymous_115)
FN:1660,(anonymous_116)
FN:1667,(anonymous_117)
FN:1674,(anonymous_118)
FN:1682,(anonymous_119)
FN:1686,(anonymous_120)
FN:1693,(anonymous_121)
FN:1700,(anonymous_122)
FN:1707,(anonymous_123)
FN:1714,(anonymous_124)
FN:1721,(anonymous_125)
FN:1728,(anonymous_126)
FN:1735,(anonymous_127)
FN:1742,(anonymous_128)
FN:1749,(anonymous_129)
FN:1756,(anonymous_130)
FN:1763,(anonymous_131)
FN:1774,(anonymous_132)
FN:1782,(anonymous_133)
FN:1790,(anonymous_134)
FN:1797,(anonymous_135)
FN:1805,(anonymous_136)
FN:1809,(anonymous_137)
FN:1813,(anonymous_138)
FN:1820,(anonymous_139)
FN:1827,(anonymous_140)
FN:1832,(anonymous_141)
FN:1839,(anonymous_142)
FN:1848,(anonymous_143)
FN:1857,(anonymous_144)
FN:1866,(anonymous_145)
FN:1870,(anonymous_146)
FN:1874,(anonymous_147)
FN:1878,(anonymous_148)
FN:1886,(anonymous_149)
FN:1931,(anonymous_150)
FN:1958,(anonymous_151)
FN:1962,(anonymous_152)
FN:1966,(anonymous_153)
FN:1970,(anonymous_154)
FN:1974,(anonymous_155)
FN:1978,(anonymous_156)
FN:1982,(anonymous_157)
FN:2001,(anonymous_158)
FN:2002,(anonymous_159)
FN:2015,(anonymous_160)
FN:2018,(anonymous_161)
FN:2020,(anonymous_162)
FN:2026,(anonymous_163)
FN:2049,(anonymous_164)
FN:2055,(anonymous_165)
FN:2077,(anonymous_166)
FN:2087,(anonymous_167)
FN:2098,(anonymous_168)
FN:2103,(anonymous_169)
FNF:170
FNH:4
FNDA:0,(anonymous_0)
FNDA:0,enableLocalPlaylistManagement
FNDA:0,bindToFullscreenChange
FNDA:0,(anonymous_3)
FNDA:0,(anonymous_4)
FNDA:0,triggerPlayerChange
FNDA:0,reportPlayback
FNDA:0,(anonymous_7)
FNDA:0,(anonymous_8)
FNDA:0,normalizeName
FNDA:0,getItemsForPlayback
FNDA:0,(anonymous_11)
FNDA:0,createStreamInfoFromUrlItem
FNDA:0,mergePlaybackQueries
FNDA:0,getMimeType
FNDA:0,getParam
FNDA:0,isAutomaticPlayer
FNDA:0,getAutomaticPlayers
FNDA:0,isServerItem
FNDA:0,enableIntros
FNDA:0,getIntros
FNDA:0,(anonymous_21)
FNDA:0,(anonymous_22)
FNDA:0,getAudioMaxValues
FNDA:0,(anonymous_24)
FNDA:0,(anonymous_25)
FNDA:0,(anonymous_26)
FNDA:0,getAudioStreamUrl
FNDA:0,isCrossOriginServer
FNDA:0,isCrossOriginRequestUrl
FNDA:0,getAudioStreamUrlFromDeviceProfile
FNDA:0,(anonymous_31)
FNDA:0,(anonymous_32)
FNDA:0,(anonymous_33)
FNDA:0,getStreamUrls
FNDA:0,(anonymous_35)
FNDA:0,(anonymous_36)
FNDA:0,setStreamUrls
FNDA:0,(anonymous_38)
FNDA:0,getPlaybackInfo
FNDA:0,getOptimalMediaSource
FNDA:0,(anonymous_41)
FNDA:0,(anonymous_42)
FNDA:0,(anonymous_43)
FNDA:0,(anonymous_44)
FNDA:0,(anonymous_45)
FNDA:0,getLiveStream
FNDA:0,isHostReachable
FNDA:0,(anonymous_48)
FNDA:0,supportsDirectPlay
FNDA:0,validatePlaybackInfoResult
FNDA:0,showPlaybackInfoErrorMessage
FNDA:0,normalizePlayOptions
FNDA:0,truncatePlayOptions
FNDA:0,getNowPlayingItemForReporting
FNDA:0,displayPlayerIndividually
FNDA:0,createTarget
FNDA:0,getPlayerTargets
FNDA:0,sortPlayerTargets
FNDA:1,(anonymous_59)
FNDA:1,(anonymous_60)
FNDA:1,(anonymous_61)
FNDA:0,(anonymous_62)
FNDA:0,(anonymous_63)
FNDA:0,(anonymous_64)
FNDA:0,(anonymous_65)
FNDA:0,(anonymous_66)
FNDA:0,(anonymous_67)
FNDA:0,(anonymous_68)
FNDA:0,(anonymous_69)
FNDA:0,(anonymous_70)
FNDA:0,(anonymous_71)
FNDA:0,(anonymous_72)
FNDA:0,(anonymous_73)
FNDA:0,(anonymous_74)
FNDA:0,(anonymous_75)
FNDA:0,(anonymous_76)
FNDA:0,(anonymous_77)
FNDA:0,(anonymous_78)
FNDA:0,(anonymous_79)
FNDA:0,(anonymous_80)
FNDA:0,(anonymous_81)
FNDA:0,(anonymous_82)
FNDA:0,(anonymous_83)
FNDA:0,(anonymous_84)
FNDA:0,(anonymous_85)
FNDA:0,(anonymous_86)
FNDA:0,(anonymous_87)
FNDA:0,(anonymous_88)
FNDA:0,(anonymous_89)
FNDA:0,(anonymous_90)
FNDA:0,(anonymous_91)
FNDA:0,(anonymous_92)
FNDA:0,(anonymous_93)
FNDA:0,(anonymous_94)
FNDA:0,(anonymous_95)
FNDA:0,(anonymous_96)
FNDA:0,(anonymous_97)
FNDA:0,(anonymous_98)
FNDA:0,(anonymous_99)
FNDA:0,(anonymous_100)
FNDA:0,(anonymous_101)
FNDA:0,(anonymous_102)
FNDA:0,(anonymous_103)
FNDA:0,(anonymous_104)
FNDA:0,(anonymous_105)
FNDA:0,(anonymous_106)
FNDA:1,(anonymous_107)
FNDA:0,(anonymous_108)
FNDA:0,(anonymous_109)
FNDA:0,(anonymous_110)
FNDA:0,(anonymous_111)
FNDA:0,(anonymous_112)
FNDA:0,(anonymous_113)
FNDA:0,(anonymous_114)
FNDA:0,(anonymous_115)
FNDA:0,(anonymous_116)
FNDA:0,(anonymous_117)
FNDA:0,(anonymous_118)
FNDA:0,(anonymous_119)
FNDA:0,(anonymous_120)
FNDA:0,(anonymous_121)
FNDA:0,(anonymous_122)
FNDA:0,(anonymous_123)
FNDA:0,(anonymous_124)
FNDA:0,(anonymous_125)
FNDA:0,(anonymous_126)
FNDA:0,(anonymous_127)
FNDA:0,(anonymous_128)
FNDA:0,(anonymous_129)
FNDA:0,(anonymous_130)
FNDA:0,(anonymous_131)
FNDA:0,(anonymous_132)
FNDA:0,(anonymous_133)
FNDA:0,(anonymous_134)
FNDA:0,(anonymous_135)
FNDA:0,(anonymous_136)
FNDA:0,(anonymous_137)
FNDA:0,(anonymous_138)
FNDA:0,(anonymous_139)
FNDA:0,(anonymous_140)
FNDA:0,(anonymous_141)
FNDA:0,(anonymous_142)
FNDA:0,(anonymous_143)
FNDA:0,(anonymous_144)
FNDA:0,(anonymous_145)
FNDA:0,(anonymous_146)
FNDA:0,(anonymous_147)
FNDA:0,(anonymous_148)
FNDA:0,(anonymous_149)
FNDA:0,(anonymous_150)
FNDA:0,(anonymous_151)
FNDA:0,(anonymous_152)
FNDA:0,(anonymous_153)
FNDA:0,(anonymous_154)
FNDA:0,(anonymous_155)
FNDA:0,(anonymous_156)
FNDA:0,(anonymous_157)
FNDA:0,(anonymous_158)
FNDA:0,(anonymous_159)
FNDA:0,(anonymous_160)
FNDA:0,(anonymous_161)
FNDA:0,(anonymous_162)
FNDA:0,(anonymous_163)
FNDA:0,(anonymous_164)
FNDA:0,(anonymous_165)
FNDA:0,(anonymous_166)
FNDA:0,(anonymous_167)
FNDA:0,(anonymous_168)
FNDA:0,(anonymous_169)
DA:34,1
DA:36,1
DA:37,0
DA:38,0
DA:41,0
DA:45,0
DA:46,0
DA:49,0
DA:53,0
DA:54,0
DA:55,0
DA:59,0
DA:62,0
DA:76,0
DA:77,0
DA:81,0
DA:82,0
DA:90,0
DA:93,0
DA:105,0
DA:108,0
DA:109,0
DA:112,0
DA:113,0
DA:115,0
DA:116,0
DA:119,0
DA:120,0
DA:123,0
DA:125,0
DA:130,0
DA:131,0
DA:133,0
DA:136,0
DA:141,0
DA:145,0
DA:147,0
DA:148,0
DA:150,0
DA:151,0
DA:157,0
DA:158,0
DA:160,0
DA:162,0
DA:163,0
DA:164,0
DA:165,0
DA:167,0
DA:173,0
DA:183,0
DA:185,0
DA:186,0
DA:187,0
DA:189,0
DA:190,0
DA:194,0
DA:196,0
DA:197,0
DA:198,0
DA:200,0
DA:201,0
DA:203,0
DA:204,0
DA:206,0
DA:207,0
DA:208,0
DA:210,0
DA:211,0
DA:213,0
DA:214,0
DA:218,0
DA:222,0
DA:223,0
DA:224,0
DA:226,0
DA:227,0
DA:228,0
DA:230,0
DA:235,0
DA:239,0
DA:240,0
DA:241,0
DA:242,0
DA:246,0
DA:250,0
DA:254,0
DA:255,0
DA:257,0
DA:258,0
DA:261,0
DA:262,0
DA:265,0
DA:269,0
DA:276,0
DA:281,0
DA:283,0
DA:286,0
DA:295,0
DA:296,0
DA:297,0
DA:299,0
DA:300,0
DA:301,0
DA:302,0
DA:303,0
DA:304,0
DA:305,0
DA:306,0
DA:307,0
DA:313,0
DA:320,1
DA:321,1
DA:322,0
DA:323,0
DA:326,0
DA:337,0
DA:338,0
DA:339,0
DA:356,0
DA:360,0
DA:361,0
DA:363,0
DA:364,0
DA:365,0
DA:366,0
DA:368,0
DA:369,0
DA:370,0
DA:372,0
DA:374,0
DA:379,0
DA:380,0
DA:382,0
DA:383,0
DA:385,0
DA:396,0
DA:397,0
DA:399,0
DA:400,0
DA:401,0
DA:402,0
DA:403,0
DA:407,0
DA:409,0
DA:410,0
DA:411,0
DA:412,0
DA:414,0
DA:417,0
DA:418,0
DA:423,0
DA:425,0
DA:438,0
DA:439,0
DA:442,0
DA:444,0
DA:445,0
DA:446,0
DA:447,0
DA:449,0
DA:452,0
DA:453,0
DA:458,0
DA:460,0
DA:462,0
DA:463,0
DA:466,0
DA:467,0
DA:477,0
DA:479,0
DA:480,0
DA:484,0
DA:494,0
DA:495,0
DA:496,0
DA:497,0
DA:499,0
DA:500,0
DA:520,0
DA:521,0
DA:539,0
DA:540,0
DA:545,0
DA:547,0
DA:552,0
DA:553,0
DA:554,0
DA:556,0
DA:557,0
DA:560,0
DA:561,0
DA:563,0
DA:564,0
DA:566,0
DA:567,0
DA:569,0
DA:570,0
DA:572,0
DA:573,0
DA:575,0
DA:576,0
DA:578,0
DA:579,0
DA:581,0
DA:582,0
DA:584,0
DA:585,0
DA:587,0
DA:588,0
DA:590,0
DA:591,0
DA:595,0
DA:600,0
DA:603,0
DA:604,0
DA:607,0
DA:611,0
DA:612,0
DA:615,0
DA:616,0
DA:619,0
DA:620,0
DA:621,0
DA:623,0
DA:624,0
DA:627,0
DA:628,0
DA:629,0
DA:633,0
DA:636,0
DA:639,0
DA:652,0
DA:657,0
DA:664,0
DA:665,0
DA:667,0
DA:668,0
DA:670,0
DA:671,0
DA:675,0
DA:680,0
DA:683,0
DA:693,0
DA:694,0
DA:697,0
DA:698,0
DA:699,0
DA:700,0
DA:701,0
DA:703,0
DA:707,0
DA:711,0
DA:718,0
DA:720,0
DA:721,0
DA:722,0
DA:725,0
DA:727,0
DA:728,0
DA:730,0
DA:735,0
DA:744,0
DA:748,0
DA:751,0
DA:752,0
DA:755,0
DA:759,0
DA:766,0
DA:770,0
DA:780,0
DA:782,0
DA:783,0
DA:784,0
DA:787,0
DA:790,0
DA:792,0
DA:796,0
DA:800,0
DA:811,0
DA:812,0
DA:815,0
DA:819,0
DA:820,0
DA:822,0
DA:823,0
DA:825,0
DA:870,1
DA:872,1
DA:873,1
DA:874,1
DA:879,1
DA:880,1
DA:881,1
DA:882,1
DA:885,1
DA:886,1
DA:887,1
DA:892,1
DA:893,1
DA:896,1
DA:897,0
DA:898,0
DA:899,0
DA:904,0
DA:907,1
DA:908,0
DA:911,0
DA:912,0
DA:916,1
DA:917,0
DA:920,1
DA:921,0
DA:924,1
DA:926,0
DA:927,0
DA:928,0
DA:932,1
DA:935,0
DA:936,0
DA:937,0
DA:938,0
DA:942,1
DA:943,0
DA:944,0
DA:950,0
DA:951,0
DA:956,0
DA:957,0
DA:970,0
DA:971,0
DA:972,0
DA:975,0
DA:979,0
DA:980,0
DA:985,0
DA:986,0
DA:989,0
DA:994,0
DA:995,0
DA:998,0
DA:999,0
DA:1002,0
DA:1003,0
DA:1007,0
DA:1008,0
DA:1011,0
DA:1012,0
DA:1015,0
DA:1016,0
DA:1020,0
DA:1021,0
DA:1024,0
DA:1025,0
DA:1028,0
DA:1029,0
DA:1033,0
DA:1034,0
DA:1036,0
DA:1037,0
DA:1040,0
DA:1042,0
DA:1043,0
DA:1044,0
DA:1047,0
DA:1051,0
DA:1052,0
DA:1055,0
DA:1056,0
DA:1060,0
DA:1061,0
DA:1064,0
DA:1065,0
DA:1068,0
DA:1069,0
DA:1073,0
DA:1075,0
DA:1076,0
DA:1079,0
DA:1087,0
DA:1088,0
DA:1089,0
DA:1091,0
DA:1092,0
DA:1095,0
DA:1096,0
DA:1099,0
DA:1100,0
DA:1103,0
DA:1107,0
DA:1109,0
DA:1110,0
DA:1111,0
DA:1113,0
DA:1116,0
DA:1117,0
DA:1120,0
DA:1121,0
DA:1124,0
DA:1128,0
DA:1129,0
DA:1131,0
DA:1132,0
DA:1135,0
DA:1136,0
DA:1139,0
DA:1140,0
DA:1141,0
DA:1143,0
DA:1144,0
DA:1147,0
DA:1148,0
DA:1151,0
DA:1156,0
DA:1157,0
DA:1158,0
DA:1160,0
DA:1169,0
DA:1172,0
DA:1173,0
DA:1176,0
DA:1177,0
DA:1182,0
DA:1183,0
DA:1185,0
DA:1186,0
DA:1187,0
DA:1190,0
DA:1191,0
DA:1195,0
DA:1196,0
DA:1200,0
DA:1201,0
DA:1205,0
DA:1208,0
DA:1209,0
DA:1210,0
DA:1214,0
DA:1218,0
DA:1221,0
DA:1222,0
DA:1226,0
DA:1227,0
DA:1228,0
DA:1229,0
DA:1230,0
DA:1231,0
DA:1235,0
DA:1236,0
DA:1238,0
DA:1239,0
DA:1253,0
DA:1263,0
DA:1264,0
DA:1268,0
DA:1269,0
DA:1271,0
DA:1272,0
DA:1276,0
DA:1284,0
DA:1287,0
DA:1288,0
DA:1289,0
DA:1290,0
DA:1292,0
DA:1295,0
DA:1296,0
DA:1299,0
DA:1300,0
DA:1301,0
DA:1306,0
DA:1307,0
DA:1309,0
DA:1310,0
DA:1311,0
DA:1315,0
DA:1316,0
DA:1317,0
DA:1318,0
DA:1319,0
DA:1323,0
DA:1328,0
DA:1329,0
DA:1333,0
DA:1334,0
DA:1335,0
DA:1336,0
DA:1337,0
DA:1338,0
DA:1339,0
DA:1342,0
DA:1344,0
DA:1345,0
DA:1346,0
DA:1349,0
DA:1353,0
DA:1358,0
DA:1359,0
DA:1360,0
DA:1362,0
DA:1363,0
DA:1375,0
DA:1376,0
DA:1377,0
DA:1378,0
DA:1380,0
DA:1382,0
DA:1384,0
DA:1385,0
DA:1386,0
DA:1387,0
DA:1392,0
DA:1393,0
DA:1395,0
DA:1396,0
DA:1397,0
DA:1398,0
DA:1400,0
DA:1402,0
DA:1403,0
DA:1410,0
DA:1411,0
DA:1414,0
DA:1415,0
DA:1418,0
DA:1419,0
DA:1421,0
DA:1422,0
DA:1423,0
DA:1425,0
DA:1426,0
DA:1428,0
DA:1430,0
DA:1431,0
DA:1437,0
DA:1438,0
DA:1442,0
DA:1443,0
DA:1444,0
DA:1447,0
DA:1449,0
DA:1466,0
DA:1467,0
DA:1469,0
DA:1470,0
DA:1471,0
DA:1472,0
DA:1473,0
DA:1474,0
DA:1477,0
DA:1480,0
DA:1481,0
DA:1482,0
DA:1485,0
DA:1489,0
DA:1490,0
DA:1493,0
DA:1495,0
DA:1497,0
DA:1499,0
DA:1500,0
DA:1503,0
DA:1504,0
DA:1506,0
DA:1511,0
DA:1520,0
DA:1524,0
DA:1525,0
DA:1529,0
DA:1530,0
DA:1534,0
DA:1538,0
DA:1542,0
DA:1543,0
DA:1547,0
DA:1551,1
DA:1555,0
DA:1559,0
DA:1563,0
DA:1564,0
DA:1566,0
DA:1567,0
DA:1568,0
DA:1570,0
DA:1571,0
DA:1572,0
DA:1573,0
DA:1575,0
DA:1577,0
DA:1580,0
DA:1584,0
DA:1590,0
DA:1591,0
DA:1593,0
DA:1594,0
DA:1595,0
DA:1596,0
DA:1598,0
DA:1602,0
DA:1608,0
DA:1609,0
DA:1611,0
DA:1612,0
DA:1613,0
DA:1614,0
DA:1617,0
DA:1621,0
DA:1627,0
DA:1628,0
DA:1630,0
DA:1631,0
DA:1632,0
DA:1633,0
DA:1636,0
DA:1640,0
DA:1646,0
DA:1647,0
DA:1648,0
DA:1653,0
DA:1654,0
DA:1655,0
DA:1657,0
DA:1661,0
DA:1662,0
DA:1663,0
DA:1668,0
DA:1669,0
DA:1670,0
DA:1675,0
DA:1676,0
DA:1677,0
DA:1679,0
DA:1683,0
DA:1687,0
DA:1688,0
DA:1689,0
DA:1694,0
DA:1695,0
DA:1696,0
DA:1701,0
DA:1702,0
DA:1703,0
DA:1708,0
DA:1709,0
DA:1710,0
DA:1715,0
DA:1716,0
DA:1717,0
DA:1722,0
DA:1723,0
DA:1724,0
DA:1729,0
DA:1730,0
DA:1731,0
DA:1736,0
DA:1737,0
DA:1738,0
DA:1743,0
DA:1744,0
DA:1745,0
DA:1750,0
DA:1751,0
DA:1752,0
DA:1757,0
DA:1758,0
DA:1759,0
DA:1764,0
DA:1765,0
DA:1766,0
DA:1767,0
DA:1769,0
DA:1770,0
DA:1775,0
DA:1776,0
DA:1777,0
DA:1779,0
DA:1783,0
DA:1784,0
DA:1785,0
DA:1787,0
DA:1791,0
DA:1792,0
DA:1794,0
DA:1798,0
DA:1799,0
DA:1800,0
DA:1802,0
DA:1806,0
DA:1810,0
DA:1814,0
DA:1815,0
DA:1816,0
DA:1821,0
DA:1822,0
DA:1823,0
DA:1828,0
DA:1829,0
DA:1833,0
DA:1834,0
DA:1835,0
DA:1840,0
DA:1841,0
DA:1842,0
DA:1843,0
DA:1845,0
DA:1849,0
DA:1850,0
DA:1851,0
DA:1853,0
DA:1858,0
DA:1859,0
DA:1860,0
DA:1862,0
DA:1875,0
DA:1879,0
DA:1880,0
DA:1881,0
DA:1882,0
DA:1887,0
DA:1888,0
DA:1889,0
DA:1890,0
DA:1892,0
DA:1895,0
DA:1897,0
DA:1898,0
DA:1899,0
DA:1902,0
DA:1903,0
DA:1907,0
DA:1908,0
DA:1911,0
DA:1912,0
DA:1913,0
DA:1914,0
DA:1915,0
DA:1917,0
DA:1918,0
DA:1921,0
DA:1922,0
DA:1923,0
DA:1924,0
DA:1925,0
DA:1926,0
DA:1927,0
DA:1932,0
DA:1933,0
DA:1935,0
DA:1936,0
DA:1937,0
DA:1939,0
DA:1940,0
DA:1941,0
DA:1942,0
DA:1944,0
DA:1946,0
DA:1949,0
DA:1953,0
DA:1959,0
DA:1975,0
DA:1979,0
DA:1983,0
DA:1985,0
DA:1987,0
DA:1988,0
DA:1989,0
DA:1991,0
DA:1993,0
DA:1994,0
DA:1995,0
DA:1997,0
DA:2002,0
DA:2003,0
DA:2004,0
DA:2005,0
DA:2006,0
DA:2007,0
DA:2008,0
DA:2009,0
DA:2012,0
DA:2015,0
DA:2019,0
DA:2020,0
DA:2021,0
DA:2033,0
DA:2043,0
DA:2045,0
DA:2050,0
DA:2052,0
DA:2053,0
DA:2055,0
DA:2056,0
DA:2062,0
DA:2063,0
DA:2064,0
DA:2066,0
DA:2068,0
DA:2069,0
DA:2070,0
DA:2071,0
DA:2073,0
DA:2085,1
DA:2087,1
DA:2088,0
DA:2089,0
DA:2090,0
DA:2098,1
DA:2099,0
DA:2103,1
DA:2104,0
LF:809
LH:29
BRDA:37,0,0,0
BRDA:37,0,1,0
BRDA:37,1,0,0
BRDA:37,1,1,0
BRDA:45,2,0,0
BRDA:45,2,1,0
BRDA:49,3,0,0
BRDA:49,3,1,0
BRDA:53,4,0,0
BRDA:53,4,1,0
BRDA:76,5,0,0
BRDA:76,5,1,0
BRDA:76,6,0,0
BRDA:76,6,1,0
BRDA:81,7,0,0
BRDA:81,7,1,0
BRDA:86,8,0,0
BRDA:86,8,1,0
BRDA:105,9,0,0
BRDA:105,9,1,0
BRDA:115,10,0,0
BRDA:115,10,1,0
BRDA:119,11,0,0
BRDA:119,11,1,0
BRDA:125,12,0,0
BRDA:125,12,1,0
BRDA:127,13,0,0
BRDA:127,13,1,0
BRDA:147,14,0,0
BRDA:147,14,1,0
BRDA:147,15,0,0
BRDA:147,15,1,0
BRDA:157,16,0,0
BRDA:157,16,1,0
BRDA:160,17,0,0
BRDA:160,17,1,0
BRDA:174,18,0,0
BRDA:174,18,1,0
BRDA:185,19,0,0
BRDA:185,19,1,0
BRDA:186,20,0,0
BRDA:186,20,1,0
BRDA:194,21,0,0
BRDA:194,21,1,0
BRDA:196,22,0,0
BRDA:196,22,1,0
BRDA:197,23,0,0
BRDA:197,23,1,0
BRDA:200,24,0,0
BRDA:200,24,1,0
BRDA:203,25,0,0
BRDA:203,25,1,0
BRDA:206,26,0,0
BRDA:206,26,1,0
BRDA:207,27,0,0
BRDA:207,27,1,0
BRDA:210,28,0,0
BRDA:210,28,1,0
BRDA:213,29,0,0
BRDA:213,29,1,0
BRDA:227,30,0,0
BRDA:227,30,1,0
BRDA:239,31,0,0
BRDA:239,31,1,0
BRDA:241,32,0,0
BRDA:241,32,1,0
BRDA:241,33,0,0
BRDA:241,33,1,0
BRDA:254,34,0,0
BRDA:254,34,1,0
BRDA:257,35,0,0
BRDA:257,35,1,0
BRDA:261,36,0,0
BRDA:261,36,1,0
BRDA:269,37,0,0
BRDA:269,37,1,0
BRDA:270,38,0,0
BRDA:270,38,1,0
BRDA:270,38,2,0
BRDA:270,38,3,0
BRDA:270,38,4,0
BRDA:300,39,0,0
BRDA:300,39,1,0
BRDA:301,40,0,0
BRDA:301,40,1,0
BRDA:302,41,0,0
BRDA:302,41,1,0
BRDA:302,42,0,0
BRDA:302,42,1,0
BRDA:304,43,0,0
BRDA:304,43,1,0
BRDA:304,44,0,0
BRDA:304,44,1,0
BRDA:306,45,0,0
BRDA:306,45,1,0
BRDA:306,46,0,0
BRDA:306,46,1,0
BRDA:322,47,0,0
BRDA:322,47,1,0
BRDA:322,48,0,0
BRDA:322,48,1,0
BRDA:326,49,0,0
BRDA:326,49,1,0
BRDA:342,50,0,0
BRDA:342,50,1,0
BRDA:344,51,0,0
BRDA:344,51,1,0
BRDA:345,52,0,0
BRDA:345,52,1,0
BRDA:351,53,0,0
BRDA:351,53,1,0
BRDA:353,54,0,0
BRDA:353,54,1,0
BRDA:360,55,0,0
BRDA:360,55,1,0
BRDA:360,56,0,0
BRDA:360,56,1,0
BRDA:364,57,0,0
BRDA:364,57,1,0
BRDA:365,58,0,0
BRDA:365,58,1,0
BRDA:365,59,0,0
BRDA:365,59,1,0
BRDA:368,60,0,0
BRDA:368,60,1,0
BRDA:369,61,0,0
BRDA:369,61,1,0
BRDA:379,62,0,0
BRDA:379,62,1,0
BRDA:379,63,0,0
BRDA:379,63,1,0
BRDA:397,64,0,0
BRDA:397,64,1,0
BRDA:400,65,0,0
BRDA:400,65,1,0
BRDA:402,66,0,0
BRDA:402,66,1,0
BRDA:410,67,0,0
BRDA:410,67,1,0
BRDA:411,68,0,0
BRDA:411,68,1,0
BRDA:417,69,0,0
BRDA:417,69,1,0
BRDA:439,70,0,0
BRDA:439,70,1,0
BRDA:445,71,0,0
BRDA:445,71,1,0
BRDA:446,72,0,0
BRDA:446,72,1,0
BRDA:452,73,0,0
BRDA:452,73,1,0
BRDA:466,74,0,0
BRDA:466,74,1,0
BRDA:466,75,0,0
BRDA:466,75,1,0
BRDA:477,76,0,0
BRDA:477,76,1,0
BRDA:479,77,0,0
BRDA:479,77,1,0
BRDA:499,78,0,0
BRDA:499,78,1,0
BRDA:520,79,0,0
BRDA:520,79,1,0
BRDA:520,80,0,0
BRDA:520,80,1,0
BRDA:520,80,2,0
BRDA:539,81,0,0
BRDA:539,81,1,0
BRDA:549,82,0,0
BRDA:549,82,1,0
BRDA:552,83,0,0
BRDA:552,83,1,0
BRDA:560,84,0,0
BRDA:560,84,1,0
BRDA:563,85,0,0
BRDA:563,85,1,0
BRDA:566,86,0,0
BRDA:566,86,1,0
BRDA:569,87,0,0
BRDA:569,87,1,0
BRDA:572,88,0,0
BRDA:572,88,1,0
BRDA:575,89,0,0
BRDA:575,89,1,0
BRDA:578,90,0,0
BRDA:578,90,1,0
BRDA:581,91,0,0
BRDA:581,91,1,0
BRDA:584,92,0,0
BRDA:584,92,1,0
BRDA:587,93,0,0
BRDA:587,93,1,0
BRDA:590,94,0,0
BRDA:590,94,1,0
BRDA:590,95,0,0
BRDA:590,95,1,0
BRDA:595,96,0,0
BRDA:595,96,1,0
BRDA:596,97,0,0
BRDA:596,97,1,0
BRDA:596,97,2,0
BRDA:603,98,0,0
BRDA:603,98,1,0
BRDA:615,99,0,0
BRDA:615,99,1,0
BRDA:621,100,0,0
BRDA:621,100,1,0
BRDA:627,101,0,0
BRDA:627,101,1,0
BRDA:634,102,0,0
BRDA:634,102,1,0
BRDA:639,103,0,0
BRDA:639,103,1,0
BRDA:659,104,0,0
BRDA:659,104,1,0
BRDA:664,105,0,0
BRDA:664,105,1,0
BRDA:667,106,0,0
BRDA:667,106,1,0
BRDA:670,107,0,0
BRDA:670,107,1,0
BRDA:675,108,0,0
BRDA:675,108,1,0
BRDA:676,109,0,0
BRDA:676,109,1,0
BRDA:676,109,2,0
BRDA:693,110,0,0
BRDA:693,110,1,0
BRDA:698,111,0,0
BRDA:698,111,1,0
BRDA:699,112,0,0
BRDA:699,112,1,0
BRDA:700,113,0,0
BRDA:700,113,1,0
BRDA:701,114,0,0
BRDA:701,114,1,0
BRDA:701,115,0,0
BRDA:701,115,1,0
BRDA:718,116,0,0
BRDA:718,116,1,0
BRDA:718,116,2,0
BRDA:720,117,0,0
BRDA:720,117,1,0
BRDA:720,118,0,0
BRDA:720,118,1,0
BRDA:721,119,0,0
BRDA:721,119,1,0
BRDA:721,120,0,0
BRDA:721,120,1,0
BRDA:725,121,0,0
BRDA:725,121,1,0
BRDA:725,122,0,0
BRDA:725,122,1,0
BRDA:727,123,0,0
BRDA:727,123,1,0
BRDA:727,124,0,0
BRDA:727,124,1,0
BRDA:744,125,0,0
BRDA:744,125,1,0
BRDA:748,126,0,0
BRDA:748,126,1,0
BRDA:782,127,0,0
BRDA:782,127,1,0
BRDA:790,128,0,0
BRDA:790,128,1,0
BRDA:811,129,0,0
BRDA:811,129,1,0
BRDA:819,130,0,0
BRDA:819,130,1,0
BRDA:820,131,0,0
BRDA:820,131,1,0
BRDA:897,132,0,0
BRDA:897,132,1,0
BRDA:899,133,0,0
BRDA:899,133,1,0
BRDA:911,134,0,0
BRDA:911,134,1,0
BRDA:927,135,0,0
BRDA:927,135,1,0
BRDA:935,136,0,0
BRDA:935,136,1,0
BRDA:935,137,0,0
BRDA:935,137,1,0
BRDA:943,138,0,0
BRDA:943,138,1,0
BRDA:950,139,0,0
BRDA:950,139,1,0
BRDA:951,140,0,0
BRDA:951,140,1,0
BRDA:970,141,0,0
BRDA:970,141,1,0
BRDA:971,142,0,0
BRDA:971,142,1,0
BRDA:971,143,0,0
BRDA:971,143,1,0
BRDA:985,144,0,0
BRDA:985,144,1,0
BRDA:994,145,0,0
BRDA:994,145,1,0
BRDA:998,146,0,0
BRDA:998,146,1,0
BRDA:1003,147,0,0
BRDA:1003,147,1,0
BRDA:1007,148,0,0
BRDA:1007,148,1,0
BRDA:1011,149,0,0
BRDA:1011,149,1,0
BRDA:1016,150,0,0
BRDA:1016,150,1,0
BRDA:1020,151,0,0
BRDA:1020,151,1,0
BRDA:1024,152,0,0
BRDA:1024,152,1,0
BRDA:1029,153,0,0
BRDA:1029,153,1,0
BRDA:1033,154,0,0
BRDA:1033,154,1,0
BRDA:1036,155,0,0
BRDA:1036,155,1,0
BRDA:1042,156,0,0
BRDA:1042,156,1,0
BRDA:1051,157,0,0
BRDA:1051,157,1,0
BRDA:1051,158,0,0
BRDA:1051,158,1,0
BRDA:1060,159,0,0
BRDA:1060,159,1,0
BRDA:1064,160,0,0
BRDA:1064,160,1,0
BRDA:1069,161,0,0
BRDA:1069,161,1,0
BRDA:1075,162,0,0
BRDA:1075,162,1,0
BRDA:1080,163,0,0
BRDA:1080,163,1,0
BRDA:1081,164,0,0
BRDA:1081,164,1,0
BRDA:1087,165,0,0
BRDA:1087,165,1,0
BRDA:1087,166,0,0
BRDA:1087,166,1,0
BRDA:1087,166,2,0
BRDA:1088,167,0,0
BRDA:1088,167,1,0
BRDA:1095,168,0,0
BRDA:1095,168,1,0
BRDA:1099,169,0,0
BRDA:1099,169,1,0
BRDA:1107,170,0,0
BRDA:1107,170,1,0
BRDA:1109,171,0,0
BRDA:1109,171,1,0
BRDA:1109,172,0,0
BRDA:1109,172,1,0
BRDA:1109,172,2,0
BRDA:1110,173,0,0
BRDA:1110,173,1,0
BRDA:1116,174,0,0
BRDA:1116,174,1,0
BRDA:1120,175,0,0
BRDA:1120,175,1,0
BRDA:1131,176,0,0
BRDA:1131,176,1,0
BRDA:1131,177,0,0
BRDA:1131,177,1,0
BRDA:1131,177,2,0
BRDA:1132,178,0,0
BRDA:1132,178,1,0
BRDA:1135,179,0,0
BRDA:1135,179,1,0
BRDA:1135,180,0,0
BRDA:1135,180,1,0
BRDA:1140,181,0,0
BRDA:1140,181,1,0
BRDA:1143,182,0,0
BRDA:1143,182,1,0
BRDA:1147,183,0,0
BRDA:1147,183,1,0
BRDA:1151,184,0,0
BRDA:1151,184,1,0
BRDA:1156,185,0,0
BRDA:1156,185,1,0
BRDA:1156,186,0,0
BRDA:1156,186,1,0
BRDA:1172,187,0,0
BRDA:1172,187,1,0
BRDA:1172,188,0,0
BRDA:1172,188,1,0
BRDA:1176,189,0,0
BRDA:1176,189,1,0
BRDA:1176,190,0,0
BRDA:1176,190,1,0
BRDA:1182,191,0,0
BRDA:1182,191,1,0
BRDA:1185,192,0,0
BRDA:1185,192,1,0
BRDA:1190,193,0,0
BRDA:1190,193,1,0
BRDA:1200,194,0,0
BRDA:1200,194,1,0
BRDA:1209,195,0,0
BRDA:1209,195,1,0
BRDA:1212,196,0,0
BRDA:1212,196,1,0
BRDA:1221,197,0,0
BRDA:1221,197,1,0
BRDA:1222,198,0,0
BRDA:1222,198,1,0
BRDA:1226,199,0,0
BRDA:1226,199,1,0
BRDA:1226,200,0,0
BRDA:1226,200,1,0
BRDA:1238,201,0,0
BRDA:1238,201,1,0
BRDA:1240,202,0,0
BRDA:1240,202,1,0
BRDA:1243,203,0,0
BRDA:1243,203,1,0
BRDA:1244,204,0,0
BRDA:1244,204,1,0
BRDA:1258,205,0,0
BRDA:1258,205,1,0
BRDA:1263,206,0,0
BRDA:1263,206,1,0
BRDA:1268,207,0,0
BRDA:1268,207,1,0
BRDA:1271,208,0,0
BRDA:1271,208,1,0
BRDA:1309,209,0,0
BRDA:1309,209,1,0
BRDA:1316,210,0,0
BRDA:1316,210,1,0
BRDA:1318,211,0,0
BRDA:1318,211,1,0
BRDA:1328,212,0,0
BRDA:1328,212,1,0
BRDA:1328,213,0,0
BRDA:1328,213,1,0
BRDA:1335,214,0,0
BRDA:1335,214,1,0
BRDA:1336,215,0,0
BRDA:1336,215,1,0
BRDA:1337,216,0,0
BRDA:1337,216,1,0
BRDA:1338,217,0,0
BRDA:1338,217,1,0
BRDA:1344,218,0,0
BRDA:1344,218,1,0
BRDA:1344,219,0,0
BRDA:1344,219,1,0
BRDA:1345,220,0,0
BRDA:1345,220,1,0
BRDA:1358,221,0,0
BRDA:1358,221,1,0
BRDA:1360,222,0,0
BRDA:1360,222,1,0
BRDA:1360,223,0,0
BRDA:1360,223,1,0
BRDA:1363,224,0,0
BRDA:1363,224,1,0
BRDA:1363,225,0,0
BRDA:1363,225,1,0
BRDA:1382,226,0,0
BRDA:1382,226,1,0
BRDA:1384,227,0,0
BRDA:1384,227,1,0
BRDA:1384,228,0,0
BRDA:1384,228,1,0
BRDA:1386,229,0,0
BRDA:1386,229,1,0
BRDA:1392,230,0,0
BRDA:1392,230,1,0
BRDA:1392,231,0,0
BRDA:1392,231,1,0
BRDA:1395,232,0,0
BRDA:1395,232,1,0
BRDA:1398,233,0,0
BRDA:1398,233,1,0
BRDA:1402,234,0,0
BRDA:1402,234,1,0
BRDA:1402,235,0,0
BRDA:1402,235,1,0
BRDA:1410,236,0,0
BRDA:1410,236,1,0
BRDA:1414,237,0,0
BRDA:1414,237,1,0
BRDA:1418,238,0,0
BRDA:1418,238,1,0
BRDA:1421,239,0,0
BRDA:1421,239,1,0
BRDA:1422,240,0,0
BRDA:1422,240,1,0
BRDA:1425,241,0,0
BRDA:1425,241,1,0
BRDA:1430,242,0,0
BRDA:1430,242,1,0
BRDA:1430,243,0,0
BRDA:1430,243,1,0
BRDA:1431,244,0,0
BRDA:1431,244,1,0
BRDA:1442,245,0,0
BRDA:1442,245,1,0
BRDA:1442,246,0,0
BRDA:1442,246,1,0
BRDA:1461,247,0,0
BRDA:1461,247,1,0
BRDA:1466,248,0,0
BRDA:1466,248,1,0
BRDA:1466,249,0,0
BRDA:1466,249,1,0
BRDA:1469,250,0,0
BRDA:1469,250,1,0
BRDA:1481,251,0,0
BRDA:1481,251,1,0
BRDA:1489,252,0,0
BRDA:1489,252,1,0
BRDA:1503,253,0,0
BRDA:1503,253,1,0
BRDA:1506,254,0,0
BRDA:1506,254,1,0
BRDA:1513,255,0,0
BRDA:1513,255,1,0
BRDA:1524,256,0,0
BRDA:1524,256,1,0
BRDA:1525,257,0,0
BRDA:1525,257,1,0
BRDA:1529,258,0,0
BRDA:1529,258,1,0
BRDA:1530,259,0,0
BRDA:1530,259,1,0
BRDA:1542,260,0,0
BRDA:1542,260,1,0
BRDA:1543,261,0,0
BRDA:1543,261,1,0
BRDA:1563,262,0,0
BRDA:1563,262,1,0
BRDA:1564,263,0,0
BRDA:1564,263,1,0
BRDA:1570,264,0,0
BRDA:1570,264,1,0
BRDA:1590,265,0,0
BRDA:1590,265,1,0
BRDA:1591,266,0,0
BRDA:1591,266,1,0
BRDA:1608,267,0,0
BRDA:1608,267,1,0
BRDA:1609,268,0,0
BRDA:1609,268,1,0
BRDA:1627,269,0,0
BRDA:1627,269,1,0
BRDA:1628,270,0,0
BRDA:1628,270,1,0
BRDA:1646,271,0,0
BRDA:1646,271,1,0
BRDA:1647,272,0,0
BRDA:1647,272,1,0
BRDA:1653,273,0,0
BRDA:1653,273,1,0
BRDA:1654,274,0,0
BRDA:1654,274,1,0
BRDA:1661,275,0,0
BRDA:1661,275,1,0
BRDA:1662,276,0,0
BRDA:1662,276,1,0
BRDA:1669,277,0,0
BRDA:1669,277,1,0
BRDA:1675,278,0,0
BRDA:1675,278,1,0
BRDA:1676,279,0,0
BRDA:1676,279,1,0
BRDA:1687,280,0,0
BRDA:1687,280,1,0
BRDA:1688,281,0,0
BRDA:1688,281,1,0
BRDA:1694,282,0,0
BRDA:1694,282,1,0
BRDA:1695,283,0,0
BRDA:1695,283,1,0
BRDA:1701,284,0,0
BRDA:1701,284,1,0
BRDA:1702,285,0,0
BRDA:1702,285,1,0
BRDA:1708,286,0,0
BRDA:1708,286,1,0
BRDA:1709,287,0,0
BRDA:1709,287,1,0
BRDA:1715,288,0,0
BRDA:1715,288,1,0
BRDA:1716,289,0,0
BRDA:1716,289,1,0
BRDA:1722,290,0,0
BRDA:1722,290,1,0
BRDA:1723,291,0,0
BRDA:1723,291,1,0
BRDA:1729,292,0,0
BRDA:1729,292,1,0
BRDA:1730,293,0,0
BRDA:1730,293,1,0
BRDA:1736,294,0,0
BRDA:1736,294,1,0
BRDA:1737,295,0,0
BRDA:1737,295,1,0
BRDA:1743,296,0,0
BRDA:1743,296,1,0
BRDA:1744,297,0,0
BRDA:1744,297,1,0
BRDA:1750,298,0,0
BRDA:1750,298,1,0
BRDA:1751,299,0,0
BRDA:1751,299,1,0
BRDA:1757,300,0,0
BRDA:1757,300,1,0
BRDA:1758,301,0,0
BRDA:1758,301,1,0
BRDA:1764,302,0,0
BRDA:1764,302,1,0
BRDA:1765,303,0,0
BRDA:1765,303,1,0
BRDA:1767,304,0,0
BRDA:1767,304,1,0
BRDA:1769,305,0,0
BRDA:1769,305,1,0
BRDA:1776,306,0,0
BRDA:1776,306,1,0
BRDA:1783,307,0,0
BRDA:1783,307,1,0
BRDA:1784,308,0,0
BRDA:1784,308,1,0
BRDA:1791,309,0,0
BRDA:1791,309,1,0
BRDA:1798,310,0,0
BRDA:1798,310,1,0
BRDA:1799,311,0,0
BRDA:1799,311,1,0
BRDA:1814,312,0,0
BRDA:1814,312,1,0
BRDA:1815,313,0,0
BRDA:1815,313,1,0
BRDA:1821,314,0,0
BRDA:1821,314,1,0
BRDA:1822,315,0,0
BRDA:1822,315,1,0
BRDA:1828,316,0,0
BRDA:1828,316,1,0
BRDA:1829,317,0,0
BRDA:1829,317,1,0
BRDA:1833,318,0,0
BRDA:1833,318,1,0
BRDA:1834,319,0,0
BRDA:1834,319,1,0
BRDA:1840,320,0,0
BRDA:1840,320,1,0
BRDA:1841,321,0,0
BRDA:1841,321,1,0
BRDA:1843,322,0,0
BRDA:1843,322,1,0
BRDA:1849,323,0,0
BRDA:1849,323,1,0
BRDA:1850,324,0,0
BRDA:1850,324,1,0
BRDA:1858,325,0,0
BRDA:1858,325,1,0
BRDA:1859,326,0,0
BRDA:1859,326,1,0
BRDA:1879,327,0,0
BRDA:1879,327,1,0
BRDA:1880,328,0,0
BRDA:1880,328,1,0
BRDA:1880,329,0,0
BRDA:1880,329,1,0
BRDA:1887,330,0,0
BRDA:1887,330,1,0
BRDA:1887,331,0,0
BRDA:1887,331,1,0
BRDA:1889,332,0,0
BRDA:1889,332,1,0
BRDA:1897,333,0,0
BRDA:1897,333,1,0
BRDA:1898,334,0,0
BRDA:1898,334,1,0
BRDA:1898,335,0,0
BRDA:1898,335,1,0
BRDA:1902,336,0,0
BRDA:1902,336,1,0
BRDA:1907,337,0,0
BRDA:1907,337,1,0
BRDA:1911,338,0,0
BRDA:1911,338,1,0
BRDA:1917,339,0,0
BRDA:1917,339,1,0
BRDA:1924,340,0,0
BRDA:1924,340,1,0
BRDA:1932,341,0,0
BRDA:1932,341,1,0
BRDA:1933,342,0,0
BRDA:1933,342,1,0
BRDA:1939,343,0,0
BRDA:1939,343,1,0
BRDA:1983,344,0,0
BRDA:1983,344,1,0
BRDA:1989,345,0,0
BRDA:1989,345,1,0
BRDA:1993,346,0,0
BRDA:1993,346,1,0
BRDA:1995,347,0,0
BRDA:1995,347,1,0
BRDA:2004,348,0,0
BRDA:2004,348,1,0
BRDA:2004,349,0,0
BRDA:2004,349,1,0
BRDA:2004,349,2,0
BRDA:2004,349,3,0
BRDA:2008,350,0,0
BRDA:2008,350,1,0
BRDA:2019,351,0,0
BRDA:2019,351,1,0
BRDA:2019,352,0,0
BRDA:2019,352,1,0
BRDA:2033,353,0,0
BRDA:2033,353,1,0
BRDA:2033,353,2,0
BRDA:2033,353,3,0
BRDA:2033,353,4,0
BRDA:2033,353,5,0
BRDA:2033,353,6,0
BRDA:2033,353,7,0
BRDA:2033,353,8,0
BRDA:2033,353,9,0
BRDA:2052,354,0,0
BRDA:2052,354,1,0
BRDA:2052,355,0,0
BRDA:2052,355,1,0
BRDA:2063,356,0,0
BRDA:2063,356,1,0
BRDA:2066,357,0,0
BRDA:2066,357,1,0
BRDA:2088,358,0,0
BRDA:2088,358,1,0
BRDA:2088,359,0,0
BRDA:2088,359,1,0
BRF:740
BRH:0
end_of_record
TN:
SF:components/playback/playqueuemanager.ts
FN:12,addUniquePlaylistItemId
FN:19,findPlaylistIndex
FN:39,(anonymous_2)
FN:43,(anonymous_3)
FN:55,(anonymous_4)
FN:63,(anonymous_5)
FN:79,(anonymous_6)
FN:82,(anonymous_7)
FN:84,(anonymous_8)
FN:90,(anonymous_9)
FN:101,(anonymous_10)
FN:109,(anonymous_11)
FN:113,(anonymous_12)
FN:134,(anonymous_13)
FN:139,(anonymous_14)
FN:143,(anonymous_15)
FN:147,(anonymous_16)
FN:151,(anonymous_17)
FN:156,(anonymous_18)
FN:164,(anonymous_19)
FN:173,(anonymous_20)
FN:203,(anonymous_21)
FN:233,(anonymous_22)
FNF:23
FNH:0
FNDA:0,addUniquePlaylistItemId
FNDA:0,findPlaylistIndex
FNDA:0,(anonymous_2)
FNDA:0,(anonymous_3)
FNDA:0,(anonymous_4)
FNDA:0,(anonymous_5)
FNDA:0,(anonymous_6)
FNDA:0,(anonymous_7)
FNDA:0,(anonymous_8)
FNDA:0,(anonymous_9)
FNDA:0,(anonymous_10)
FNDA:0,(anonymous_11)
FNDA:0,(anonymous_12)
FNDA:0,(anonymous_13)
FNDA:0,(anonymous_14)
FNDA:0,(anonymous_15)
FNDA:0,(anonymous_16)
FNDA:0,(anonymous_17)
FNDA:0,(anonymous_18)
FNDA:0,(anonymous_19)
FNDA:0,(anonymous_20)
FNDA:0,(anonymous_21)
FNDA:0,(anonymous_22)
DA:10,1
DA:13,0
DA:14,0
DA:15,0
DA:20,0
DA:21,0
DA:22,0
DA:26,0
DA:33,1
DA:34,1
DA:35,1
DA:36,1
DA:37,1
DA:40,0
DA:44,0
DA:46,0
DA:47,0
DA:50,0
DA:51,0
DA:52,0
DA:56,0
DA:57,0
DA:59,0
DA:64,0
DA:66,0
DA:67,0
DA:68,0
DA:71,0
DA:72,0
DA:76,0
DA:80,0
DA:82,0
DA:84,0
DA:86,0
DA:91,0
DA:93,0
DA:94,0
DA:97,0
DA:98,0
DA:102,0
DA:103,0
DA:106,0
DA:110,0
DA:115,0
DA:116,0
DA:119,0
DA:123,0
DA:124,0
DA:125,0
DA:128,0
DA:131,0
DA:135,0
DA:136,0
DA:140,0
DA:144,0
DA:148,0
DA:152,0
DA:153,0
DA:157,0
DA:158,0
DA:160,0
DA:165,0
DA:166,0
DA:167,0
DA:168,0
DA:170,0
DA:175,0
DA:178,0
DA:182,0
DA:183,0
DA:186,0
DA:187,0
DA:190,0
DA:192,0
DA:193,0
DA:196,0
DA:197,0
DA:200,0
DA:205,0
DA:208,0
DA:212,0
DA:213,0
DA:216,0
DA:217,0
DA:220,0
DA:222,0
DA:223,0
DA:226,0
DA:227,0
DA:230,0
DA:234,0
DA:235,0
DA:236,0
DA:237,0
DA:238,0
LF:95
LH:6
BRDA:13,0,0,0
BRDA:13,0,1,0
BRDA:21,1,0,0
BRDA:21,1,1,0
BRDA:66,2,0,0
BRDA:66,2,1,0
BRDA:84,3,0,0
BRDA:84,3,1,0
BRDA:84,4,0,0
BRDA:84,4,1,0
BRDA:93,5,0,0
BRDA:93,5,1,0
BRDA:102,6,0,0
BRDA:102,6,1,0
BRDA:115,7,0,0
BRDA:115,7,1,0
BRDA:115,8,0,0
BRDA:115,8,1,0
BRDA:124,9,0,0
BRDA:124,9,1,0
BRDA:136,10,0,0
BRDA:136,10,1,0
BRDA:157,11,0,0
BRDA:157,11,1,0
BRDA:175,12,0,0
BRDA:175,12,1,0
BRDA:178,13,0,0
BRDA:178,13,1,0
BRDA:182,14,0,0
BRDA:182,14,1,0
BRDA:183,15,0,0
BRDA:183,15,1,0
BRDA:186,16,0,0
BRDA:186,16,1,0
BRDA:192,17,0,0
BRDA:192,17,1,0
BRDA:196,18,0,0
BRDA:196,18,1,0
BRDA:205,19,0,0
BRDA:205,19,1,0
BRDA:208,20,0,0
BRDA:208,20,1,0
BRDA:212,21,0,0
BRDA:212,21,1,0
BRDA:213,22,0,0
BRDA:213,22,1,0
BRDA:216,23,0,0
BRDA:216,23,1,0
BRDA:222,24,0,0
BRDA:222,24,1,0
BRDA:226,25,0,0
BRDA:226,25,1,0
BRF:52
BRH:0
end_of_record
TN:
SF:components/playback/skipsegment.ts
FN:23,onHideComplete
FN:43,(anonymous_1)
FN:50,(anonymous_2)
FN:62,(anonymous_3)
FN:77,(anonymous_4)
FN:87,(anonymous_5)
FN:109,(anonymous_6)
FN:119,(anonymous_7)
FN:126,(anonymous_8)
FN:136,(anonymous_9)
FN:143,(anonymous_10)
FN:157,(anonymous_11)
FN:182,(anonymous_12)
FN:193,(anonymous_13)
FN:200,(anonymous_14)
FN:209,(anonymous_15)
FNF:16
FNH:2
FNDA:0,onHideComplete
FNDA:1,(anonymous_1)
FNDA:0,(anonymous_2)
FNDA:0,(anonymous_3)
FNDA:0,(anonymous_4)
FNDA:0,(anonymous_5)
FNDA:0,(anonymous_6)
FNDA:0,(anonymous_7)
FNDA:0,(anonymous_8)
FNDA:0,(anonymous_9)
FNDA:0,(anonymous_10)
FNDA:0,(anonymous_11)
FNDA:0,(anonymous_12)
FNDA:0,(anonymous_13)
FNDA:0,(anonymous_14)
FNDA:1,(anonymous_15)
DA:24,0
DA:26,0
DA:27,0
DA:28,0
DA:29,0
DA:30,0
DA:34,0
DA:44,1
DA:46,1
DA:47,1
DA:51,0
DA:52,0
DA:55,0
DA:58,0
DA:60,0
DA:61,0
DA:62,0
DA:64,0
DA:65,0
DA:66,0
DA:67,0
DA:69,0
DA:78,0
DA:79,0
DA:83,0
DA:88,0
DA:89,0
DA:90,0
DA:91,0
DA:94,0
DA:95,0
DA:96,0
DA:98,0
DA:102,0
DA:104,0
DA:105,0
DA:106,0
DA:109,0
DA:110,0
DA:112,0
DA:113,0
DA:120,0
DA:121,0
DA:122,0
DA:124,0
DA:126,0
DA:127,0
DA:129,0
DA:137,0
DA:138,0
DA:139,0
DA:144,0
DA:145,0
DA:146,0
DA:151,0
DA:152,0
DA:158,0
DA:166,0
DA:168,0
DA:169,0
DA:171,0
DA:173,0
DA:175,0
DA:183,0
DA:184,0
DA:186,0
DA:187,0
DA:188,0
DA:194,0
DA:195,0
DA:196,0
DA:201,0
DA:202,0
DA:203,0
DA:204,0
DA:209,1
LF:76
LH:4
BRDA:24,0,0,0
BRDA:24,0,1,0
BRDA:26,1,0,0
BRDA:26,1,1,0
BRDA:29,2,0,0
BRDA:29,2,1,0
BRDA:29,3,0,0
BRDA:29,3,1,0
BRDA:51,4,0,0
BRDA:51,4,1,0
BRDA:51,5,0,0
BRDA:51,5,1,0
BRDA:61,6,0,0
BRDA:61,6,1,0
BRDA:65,7,0,0
BRDA:65,7,1,0
BRDA:66,8,0,0
BRDA:66,8,1,0
BRDA:78,9,0,0
BRDA:78,9,1,0
BRDA:78,10,0,0
BRDA:78,10,1,0
BRDA:89,11,0,0
BRDA:89,11,1,0
BRDA:95,12,0,0
BRDA:95,12,1,0
BRDA:104,13,0,0
BRDA:104,13,1,0
BRDA:105,14,0,0
BRDA:105,14,1,0
BRDA:105,15,0,0
BRDA:105,15,1,0
BRDA:112,16,0,0
BRDA:112,16,1,0
BRDA:121,17,0,0
BRDA:121,17,1,0
BRDA:137,18,0,0
BRDA:137,18,1,0
BRDA:144,19,0,0
BRDA:144,19,1,0
BRDA:145,20,0,0
BRDA:145,20,1,0
BRDA:151,21,0,0
BRDA:151,21,1,0
BRDA:158,22,0,0
BRDA:158,22,1,0
BRDA:159,23,0,0
BRDA:159,23,1,0
BRDA:159,23,2,0
BRDA:159,23,3,0
BRDA:159,23,4,0
BRDA:168,24,0,0
BRDA:168,24,1,0
BRDA:183,25,0,0
BRDA:183,25,1,0
BRDA:186,26,0,0
BRDA:186,26,1,0
BRDA:194,27,0,0
BRDA:194,27,1,0
BRDA:203,28,0,0
BRDA:203,28,1,0
BRF:61
BRH:0
end_of_record
TN:
SF:components/router/appRouter.ts
FN:20,(anonymous_0)
FN:72,(anonymous_1)
FN:73,(anonymous_2)
FN:85,(anonymous_3)
FN:96,(anonymous_4)
FN:100,(anonymous_5)
FN:109,(anonymous_6)
FN:110,(anonymous_7)
FN:121,(anonymous_8)
FN:173,(anonymous_9)
FN:176,(anonymous_10)
FN:182,(anonymous_11)
FN:188,(anonymous_12)
FN:201,(anonymous_13)
FN:205,(anonymous_14)
FN:218,(anonymous_15)
FN:235,(anonymous_16)
FN:238,(anonymous_17)
FN:261,(anonymous_18)
FN:267,(anonymous_19)
FN:276,(anonymous_20)
FN:285,(anonymous_21)
FN:294,(anonymous_22)
FN:310,(anonymous_23)
FN:327,(anonymous_24)
FN:574,(anonymous_25)
FN:578,(anonymous_26)
FN:582,(anonymous_27)
FN:586,(anonymous_28)
FN:590,(anonymous_29)
FN:594,(anonymous_30)
FN:598,(anonymous_31)
FN:602,(anonymous_32)
FN:606,(anonymous_33)
FN:610,(anonymous_34)
FN:614,(anonymous_35)
FN:621,(anonymous_36)
FNF:37
FNH:2
FNDA:0,(anonymous_0)
FNDA:1,(anonymous_1)
FNDA:0,(anonymous_2)
FNDA:0,(anonymous_3)
FNDA:0,(anonymous_4)
FNDA:0,(anonymous_5)
FNDA:0,(anonymous_6)
FNDA:0,(anonymous_7)
FNDA:0,(anonymous_8)
FNDA:0,(anonymous_9)
FNDA:0,(anonymous_10)
FNDA:0,(anonymous_11)
FNDA:0,(anonymous_12)
FNDA:0,(anonymous_13)
FNDA:0,(anonymous_14)
FNDA:0,(anonymous_15)
FNDA:0,(anonymous_16)
FNDA:0,(anonymous_17)
FNDA:0,(anonymous_18)
FNDA:0,(anonymous_19)
FNDA:0,(anonymous_20)
FNDA:0,(anonymous_21)
FNDA:0,(anonymous_22)
FNDA:1,(anonymous_23)
FNDA:0,(anonymous_24)
FNDA:0,(anonymous_25)
FNDA:0,(anonymous_26)
FNDA:0,(anonymous_27)
FNDA:0,(anonymous_28)
FNDA:0,(anonymous_29)
FNDA:0,(anonymous_30)
FNDA:0,(anonymous_31)
FNDA:0,(anonymous_32)
FNDA:0,(anonymous_33)
FNDA:0,(anonymous_34)
FNDA:0,(anonymous_35)
FNDA:0,(anonymous_36)
DA:19,1
DA:20,1
DA:21,0
DA:25,1
DA:28,1
DA:64,1
DA:65,1
DA:66,1
DA:67,1
DA:68,1
DA:70,1
DA:73,1
DA:74,1
DA:77,1
DA:79,1
DA:80,1
DA:81,1
DA:86,0
DA:87,0
DA:90,0
DA:91,0
DA:92,0
DA:93,0
DA:97,0
DA:101,0
DA:103,0
DA:104,0
DA:105,0
DA:106,0
DA:109,0
DA:110,0
DA:111,0
DA:112,0
DA:113,0
DA:115,0
DA:118,0
DA:122,0
DA:125,0
DA:127,0
DA:128,0
DA:131,0
DA:132,0
DA:135,0
DA:136,0
DA:139,0
DA:141,0
DA:142,0
DA:145,0
DA:146,0
DA:147,0
DA:148,0
DA:149,0
DA:153,0
DA:154,0
DA:157,0
DA:158,0
DA:161,0
DA:162,0
DA:165,0
DA:168,0
DA:169,0
DA:170,0
DA:173,0
DA:174,0
DA:176,0
DA:179,0
DA:183,0
DA:184,0
DA:185,0
DA:188,0
DA:189,0
DA:190,0
DA:192,0
DA:193,0
DA:194,0
DA:197,0
DA:202,0
DA:206,0
DA:207,0
DA:208,0
DA:211,0
DA:212,0
DA:215,0
DA:220,0
DA:221,0
DA:225,0
DA:226,0
DA:227,0
DA:230,0
DA:231,0
DA:233,0
DA:236,0
DA:239,0
DA:243,0
DA:244,0
DA:248,0
DA:249,0
DA:252,0
DA:253,0
DA:263,0
DA:264,0
DA:268,0
DA:269,0
DA:270,0
DA:271,0
DA:272,0
DA:276,0
DA:277,0
DA:278,0
DA:280,0
DA:281,0
DA:286,0
DA:287,0
DA:288,0
DA:291,0
DA:295,0
DA:297,0
DA:298,0
DA:299,0
DA:300,0
DA:303,0
DA:304,0
DA:305,0
DA:311,1
DA:313,1
DA:314,1
DA:315,1
DA:317,0
DA:320,1
DA:321,1
DA:324,1
DA:328,0
DA:329,0
DA:332,0
DA:333,0
DA:336,0
DA:337,0
DA:339,0
DA:340,0
DA:345,0
DA:346,0
DA:348,0
DA:349,0
DA:352,0
DA:353,0
DA:356,0
DA:357,0
DA:360,0
DA:361,0
DA:364,0
DA:365,0
DA:368,0
DA:369,0
DA:371,0
DA:372,0
DA:375,0
DA:376,0
DA:379,0
DA:380,0
DA:383,0
DA:384,0
DA:387,0
DA:388,0
DA:391,0
DA:392,0
DA:395,0
DA:396,0
DA:399,0
DA:402,0
DA:403,0
DA:404,0
DA:406,0
DA:407,0
DA:410,0
DA:411,0
DA:414,0
DA:415,0
DA:418,0
DA:419,0
DA:422,0
DA:423,0
DA:426,0
DA:427,0
DA:430,0
DA:431,0
DA:434,0
DA:435,0
DA:438,0
DA:439,0
DA:442,0
DA:443,0
DA:446,0
DA:449,0
DA:450,0
DA:453,0
DA:454,0
DA:457,0
DA:458,0
DA:460,0
DA:461,0
DA:464,0
DA:465,0
DA:468,0
DA:471,0
DA:472,0
DA:474,0
DA:475,0
DA:478,0
DA:481,0
DA:482,0
DA:484,0
DA:485,0
DA:488,0
DA:491,0
DA:492,0
DA:494,0
DA:495,0
DA:498,0
DA:501,0
DA:502,0
DA:503,0
DA:505,0
DA:506,0
DA:509,0
DA:512,0
DA:513,0
DA:515,0
DA:516,0
DA:519,0
DA:522,0
DA:523,0
DA:525,0
DA:526,0
DA:529,0
DA:532,0
DA:534,0
DA:535,0
DA:537,0
DA:541,0
DA:553,0
DA:554,0
DA:557,0
DA:559,0
DA:560,0
DA:563,0
DA:564,0
DA:565,0
DA:568,0
DA:571,0
DA:575,0
DA:579,0
DA:583,0
DA:587,0
DA:591,0
DA:595,0
DA:599,0
DA:603,0
DA:607,0
DA:611,0
DA:615,0
DA:619,1
DA:621,1
DA:622,0
DA:623,0
DA:624,0
DA:633,1
DA:634,1
LF:267
LH:27
BRDA:80,0,0,1
BRDA:80,0,1,0
BRDA:80,1,0,1
BRDA:80,1,1,1
BRDA:86,2,0,0
BRDA:86,2,1,0
BRDA:91,3,0,0
BRDA:91,3,1,0
BRDA:91,4,0,0
BRDA:91,4,1,0
BRDA:97,5,0,0
BRDA:97,5,1,0
BRDA:101,6,0,0
BRDA:101,6,1,0
BRDA:104,7,0,0
BRDA:104,7,1,0
BRDA:122,8,0,0
BRDA:122,8,1,0
BRDA:125,9,0,0
BRDA:125,9,1,0
BRDA:127,10,0,0
BRDA:127,10,1,0
BRDA:131,11,0,0
BRDA:131,11,1,0
BRDA:135,12,0,0
BRDA:135,12,1,0
BRDA:135,13,0,0
BRDA:135,13,1,0
BRDA:146,14,0,0
BRDA:146,14,1,0
BRDA:153,15,0,0
BRDA:153,15,1,0
BRDA:157,16,0,0
BRDA:157,16,1,0
BRDA:161,17,0,0
BRDA:161,17,1,0
BRDA:161,18,0,0
BRDA:161,18,1,0
BRDA:168,19,0,0
BRDA:168,19,1,0
BRDA:168,20,0,0
BRDA:168,20,1,0
BRDA:184,21,0,0
BRDA:184,21,1,0
BRDA:192,22,0,0
BRDA:192,22,1,0
BRDA:207,23,0,0
BRDA:207,23,1,0
BRDA:208,24,0,0
BRDA:208,24,1,0
BRDA:211,25,0,0
BRDA:211,25,1,0
BRDA:211,26,0,0
BRDA:211,26,1,0
BRDA:211,26,2,0
BRDA:220,27,0,0
BRDA:220,27,1,0
BRDA:221,28,0,0
BRDA:221,28,1,0
BRDA:225,29,0,0
BRDA:225,29,1,0
BRDA:243,30,0,0
BRDA:243,30,1,0
BRDA:243,31,0,0
BRDA:243,31,1,0
BRDA:248,32,0,0
BRDA:248,32,1,0
BRDA:269,33,0,0
BRDA:269,33,1,0
BRDA:280,34,0,0
BRDA:280,34,1,0
BRDA:287,35,0,0
BRDA:287,35,1,0
BRDA:297,36,0,0
BRDA:297,36,1,0
BRDA:297,37,0,0
BRDA:297,37,1,0
BRDA:299,38,0,0
BRDA:299,38,1,0
BRDA:303,39,0,0
BRDA:303,39,1,0
BRDA:311,40,0,1
BRDA:311,40,1,0
BRDA:314,41,0,1
BRDA:314,41,1,0
BRDA:320,42,0,1
BRDA:320,42,1,0
BRDA:320,43,0,1
BRDA:320,43,1,1
BRDA:328,44,0,0
BRDA:328,44,1,0
BRDA:332,45,0,0
BRDA:332,45,1,0
BRDA:336,46,0,0
BRDA:336,46,1,0
BRDA:337,47,0,0
BRDA:337,47,1,0
BRDA:339,48,0,0
BRDA:339,48,1,0
BRDA:345,49,0,0
BRDA:345,49,1,0
BRDA:345,50,0,0
BRDA:345,50,1,0
BRDA:346,51,0,0
BRDA:346,51,1,0
BRDA:348,52,0,0
BRDA:348,52,1,0
BRDA:352,53,0,0
BRDA:352,53,1,0
BRDA:356,54,0,0
BRDA:356,54,1,0
BRDA:360,55,0,0
BRDA:360,55,1,0
BRDA:364,56,0,0
BRDA:364,56,1,0
BRDA:368,57,0,0
BRDA:368,57,1,0
BRDA:371,58,0,0
BRDA:371,58,1,0
BRDA:375,59,0,0
BRDA:375,59,1,0
BRDA:379,60,0,0
BRDA:379,60,1,0
BRDA:383,61,0,0
BRDA:383,61,1,0
BRDA:387,62,0,0
BRDA:387,62,1,0
BRDA:391,63,0,0
BRDA:391,63,1,0
BRDA:395,64,0,0
BRDA:395,64,1,0
BRDA:402,65,0,0
BRDA:402,65,1,0
BRDA:403,66,0,0
BRDA:403,66,1,0
BRDA:406,67,0,0
BRDA:406,67,1,0
BRDA:410,68,0,0
BRDA:410,68,1,0
BRDA:414,69,0,0
BRDA:414,69,1,0
BRDA:418,70,0,0
BRDA:418,70,1,0
BRDA:422,71,0,0
BRDA:422,71,1,0
BRDA:426,72,0,0
BRDA:426,72,1,0
BRDA:430,73,0,0
BRDA:430,73,1,0
BRDA:434,74,0,0
BRDA:434,74,1,0
BRDA:438,75,0,0
BRDA:438,75,1,0
BRDA:442,76,0,0
BRDA:442,76,1,0
BRDA:449,77,0,0
BRDA:449,77,1,0
BRDA:453,78,0,0
BRDA:453,78,1,0
BRDA:457,79,0,0
BRDA:457,79,1,0
BRDA:460,80,0,0
BRDA:460,80,1,0
BRDA:464,81,0,0
BRDA:464,81,1,0
BRDA:471,82,0,0
[...]
DA:259,0
DA:260,0
DA:261,0
DA:265,0
DA:266,0
DA:273,0
DA:274,0
DA:275,0
DA:277,0
DA:281,1
LF:88
LH:13
BRDA:11,0,0,0
BRDA:11,0,1,0
BRDA:12,1,0,0
BRDA:12,1,1,0
BRDA:16,2,0,0
BRDA:16,2,1,0
BRDA:29,3,0,0
BRDA:29,3,1,0
BRDA:33,4,0,0
BRDA:33,4,1,0
BRDA:33,5,0,0
BRDA:33,5,1,0
BRDA:36,6,0,0
BRDA:36,6,1,0
BRDA:49,7,0,0
BRDA:49,7,1,0
BRDA:60,8,0,0
BRDA:60,8,1,0
BRDA:63,9,0,0
BRDA:63,9,1,0
BRDA:63,9,2,0
BRDA:66,10,0,0
BRDA:66,10,1,0
BRDA:109,11,0,1
BRDA:109,11,1,0
BRDA:110,12,0,0
BRDA:110,12,1,1
BRDA:125,13,0,0
BRDA:125,13,1,0
BRDA:126,14,0,0
BRDA:126,14,1,0
BRDA:153,15,0,0
BRDA:153,15,1,0
BRDA:157,16,0,0
BRDA:157,16,1,0
BRDA:157,17,0,0
BRDA:157,17,1,0
BRDA:159,18,0,0
BRDA:159,18,1,0
BRDA:160,19,0,0
BRDA:160,19,1,0
BRDA:169,20,0,0
BRDA:169,20,1,0
BRDA:188,21,0,0
BRDA:188,21,1,0
BRDA:189,22,0,0
BRDA:189,22,1,0
BRDA:191,23,0,0
BRDA:191,23,1,0
BRDA:209,24,0,0
BRDA:209,24,1,0
BRDA:221,25,0,0
BRDA:221,25,1,0
BRDA:247,26,0,0
BRDA:247,26,1,0
BRDA:259,27,0,0
BRDA:259,27,1,0
BRDA:274,28,0,0
BRDA:274,28,1,0
BRF:59
BRH:2
end_of_record
TN:
SF:utils/events.ts
FN:46,(anonymous_0)
FN:48,(anonymous_1)
FN:55,(anonymous_2)
FN:70,(anonymous_3)
FN:75,(anonymous_4)
FN:83,(anonymous_5)
FN:92,(anonymous_6)
FNF:7
FNH:7
FNDA:2,(anonymous_0)
FNDA:2,(anonymous_1)
FNDA:21,(anonymous_2)
FNDA:17,(anonymous_3)
FNDA:2,(anonymous_4)
FNDA:2,(anonymous_5)
FNDA:2,(anonymous_6)
DA:44,2
DA:49,2
DA:50,2
DA:52,2
DA:56,21
DA:57,0
DA:60,21
DA:61,6
DA:63,21
DA:64,13
DA:67,21
DA:71,17
DA:72,17
DA:76,2
DA:77,2
DA:78,2
DA:79,2
DA:84,2
DA:85,2
DA:88,2
DA:89,0
DA:92,2
DA:93,2
DA:94,2
DA:96,0
DA:102,2
DA:104,2
DA:105,2
DA:106,2
LF:29
LH:26
BRDA:49,0,0,2
BRDA:49,0,1,0
BRDA:56,1,0,0
BRDA:56,1,1,21
BRDA:60,2,0,6
BRDA:60,2,1,15
BRDA:63,3,0,13
BRDA:63,3,1,8
BRDA:78,4,0,2
BRDA:78,4,1,0
BRDA:83,5,0,2
BRDA:88,6,0,0
BRDA:88,6,1,2
BRDA:89,7,0,0
BRDA:89,7,1,0
BRF:15
BRH:9
end_of_record
TN:
SF:utils/fetch.ts
FN:14,getFetchPromise
FN:58,fetchWithTimeout
FN:61,(anonymous_2)
FN:63,(anonymous_3)
FN:71,(anonymous_4)
FN:76,(anonymous_5)
FN:88,paramsToString
FN:90,(anonymous_7)
FN:91,(anonymous_8)
FN:95,ajax
FN:104,(anonymous_10)
FN:128,(anonymous_11)
FNF:12
FNH:0
FNDA:0,getFetchPromise
FNDA:0,fetchWithTimeout
FNDA:0,(anonymous_2)
FNDA:0,(anonymous_3)
FNDA:0,(anonymous_4)
FNDA:0,(anonymous_5)
FNDA:0,paramsToString
FNDA:0,(anonymous_7)
FNDA:0,(anonymous_8)
FNDA:0,ajax
FNDA:0,(anonymous_10)
FNDA:0,(anonymous_11)
DA:15,0
DA:17,0
DA:18,0
DA:21,0
DA:27,0
DA:29,0
DA:30,0
DA:31,0
DA:33,0
DA:34,0
DA:38,0
DA:39,0
DA:42,0
DA:44,0
DA:45,0
DA:46,0
DA:47,0
DA:51,0
DA:52,0
DA:55,0
DA:59,0
DA:61,0
DA:62,0
DA:63,0
DA:65,0
DA:70,0
DA:72,0
DA:73,0
DA:74,0
DA:77,0
DA:78,0
DA:79,0
DA:89,0
DA:90,0
DA:91,0
DA:96,0
DA:97,0
DA:100,0
DA:101,0
DA:103,0
DA:105,0
DA:107,0
DA:108,0
DA:113,0
DA:114,0
DA:118,0
DA:119,0
DA:120,0
DA:122,0
DA:125,0
DA:129,0
DA:130,0
DA:135,1
LF:53
LH:1
BRDA:15,0,0,0
BRDA:15,0,1,0
BRDA:17,1,0,0
BRDA:17,1,1,0
BRDA:23,2,0,0
BRDA:23,2,1,0
BRDA:29,3,0,0
BRDA:29,3,1,0
BRDA:30,4,0,0
BRDA:30,4,1,0
BRDA:34,5,0,0
BRDA:34,5,1,0
BRDA:38,6,0,0
BRDA:38,6,1,0
BRDA:44,7,0,0
BRDA:44,7,1,0
BRDA:46,8,0,0
BRDA:46,8,1,0
BRDA:47,9,0,0
BRDA:47,9,1,0
BRDA:51,10,0,0
BRDA:51,10,1,0
BRDA:90,11,0,0
BRDA:90,11,1,0
BRDA:90,11,2,0
BRDA:96,12,0,0
BRDA:96,12,1,0
BRDA:100,13,0,0
BRDA:100,13,1,0
BRDA:107,14,0,0
BRDA:107,14,1,0
BRDA:108,15,0,0
BRDA:108,15,1,0
BRDA:109,16,0,0
BRDA:109,16,1,0
BRDA:109,16,2,0
BRDA:111,17,0,0
BRDA:111,17,1,0
BRDA:114,18,0,0
BRDA:114,18,1,0
BRDA:115,19,0,0
BRDA:115,19,1,0
BRDA:116,20,0,0
BRDA:116,20,1,0
BRDA:119,21,0,0
BRDA:119,21,1,0
BRF:46
BRH:0
end_of_record
TN:
SF:utils/fullscreen.ts
FN:20,(anonymous_0)
FN:24,(anonymous_1)
FN:31,(anonymous_2)
FN:38,(anonymous_3)
FN:40,(anonymous_4)
FN:46,(anonymous_5)
FN:59,(anonymous_6)
FN:69,(anonymous_7)
FN:73,(anonymous_8)
FN:77,(anonymous_9)
FN:98,(anonymous_10)
FN:115,(anonymous_11)
FN:123,(anonymous_12)
FN:127,(anonymous_13)
FN:134,(anonymous_14)
FNF:15
FNH:7
FNDA:1,(anonymous_0)
FNDA:1,(anonymous_1)
FNDA:1,(anonymous_2)
FNDA:1,(anonymous_3)
FNDA:0,(anonymous_4)
FNDA:0,(anonymous_5)
FNDA:1,(anonymous_6)
FNDA:1,(anonymous_7)
FNDA:1,(anonymous_8)
FNDA:0,(anonymous_9)
FNDA:0,(anonymous_10)
FNDA:0,(anonymous_11)
FNDA:0,(anonymous_12)
FNDA:0,(anonymous_13)
FNDA:0,(anonymous_14)
DA:16,1
DA:17,1
DA:18,1
DA:21,1
DA:25,1
DA:26,1
DA:28,1
DA:32,1
DA:34,1
DA:35,1
DA:40,1
DA:41,0
DA:46,0
DA:47,0
DA:51,1
DA:54,1
DA:55,1
DA:56,1
DA:61,1
DA:70,1
DA:74,1
DA:78,0
DA:80,0
DA:82,0
DA:87,0
DA:88,0
DA:90,0
DA:93,0
DA:94,0
DA:99,0
DA:101,0
DA:106,0
DA:107,0
DA:110,0
DA:111,0
DA:116,0
DA:117,0
DA:119,0
DA:124,0
DA:128,0
DA:129,0
DA:130,0
DA:135,0
DA:136,0
DA:138,0
DA:144,1
DA:159,1
LF:47
LH:20
BRDA:25,0,0,1
BRDA:25,0,1,0
BRDA:32,1,0,0
BRDA:32,1,1,1
BRDA:62,2,0,1
BRDA:62,2,1,1
BRDA:62,2,2,1
BRDA:62,2,3,1
BRDA:78,3,0,0
BRDA:78,3,1,0
BRDA:82,4,0,0
BRDA:82,4,1,0
BRDA:82,4,2,0
BRDA:82,4,3,0
BRDA:87,5,0,0
BRDA:87,5,1,0
BRDA:101,6,0,0
BRDA:101,6,1,0
BRDA:101,6,2,0
BRDA:101,6,3,0
BRDA:106,7,0,0
BRDA:106,7,1,0
BRDA:116,8,0,0
BRDA:116,8,1,0
BRDA:129,9,0,0
BRDA:129,9,1,0
BRDA:135,10,0,0
BRDA:135,10,1,0
BRDA:135,11,0,0
BRDA:135,11,1,0
BRF:30
BRH:6
end_of_record
TN:
SF:utils/history.ts
FN:21,createSimpleHistory
FN:29,(anonymous_1)
FN:31,(anonymous_2)
FN:35,(anonymous_3)
FN:38,(anonymous_4)
FN:48,(anonymous_5)
FN:58,(anonymous_6)
FN:62,(anonymous_7)
FN:66,(anonymous_8)
FN:68,(anonymous_9)
FN:76,(anonymous_10)
FNF:11
FNH:1
FNDA:1,createSimpleHistory
FNDA:0,(anonymous_1)
FNDA:0,(anonymous_2)
FNDA:0,(anonymous_3)
FNDA:0,(anonymous_4)
FNDA:0,(anonymous_5)
FNDA:0,(anonymous_6)
FNDA:0,(anonymous_7)
FNDA:0,(anonymous_8)
FNDA:0,(anonymous_9)
FNDA:0,(anonymous_10)
DA:22,1
DA:27,1
DA:29,1
DA:30,0
DA:31,0
DA:34,1
DA:36,0
DA:39,0
DA:40,0
DA:45,0
DA:46,0
DA:49,0
DA:50,0
DA:55,0
DA:56,0
DA:59,0
DA:60,0
DA:63,0
DA:64,0
DA:67,0
DA:68,0
DA:69,0
DA:73,0
DA:75,0
DA:76,0
DA:77,0
DA:78,0
DA:84,1
LF:28
LH:5
BRDA:43,0,0,0
BRDA:43,0,1,0
BRDA:45,1,0,0
BRDA:45,1,1,0
BRDA:53,2,0,0
BRDA:53,2,1,0
BRDA:55,3,0,0
BRDA:55,3,1,0
BRF:8
BRH:0
end_of_record
TN:
SF:utils/html.ts
FN:1,escapeHtml
FNF:1
FNH:0
FNDA:0,escapeHtml
DA:2,0
DA:3,0
LF:2
LH:0
BRDA:2,0,0,0
BRDA:2,0,1,0
BRF:2
BRH:0
end_of_record
TN:
SF:utils/imagePreloader.ts
FN:26,(anonymous_0)
FN:36,(anonymous_1)
FN:45,(anonymous_2)
FN:61,(anonymous_3)
FN:62,(anonymous_4)
FN:68,(anonymous_5)
FN:82,(anonymous_6)
FN:85,(anonymous_7)
FN:88,(anonymous_8)
FN:91,(anonymous_9)
FN:94,(anonymous_10)
FN:124,(anonymous_11)
FN:136,(anonymous_12)
FN:141,(anonymous_13)
FN:153,(anonymous_14)
FN:157,(anonymous_15)
FNF:16
FNH:0
FNDA:0,(anonymous_0)
FNDA:0,(anonymous_1)
FNDA:0,(anonymous_2)
FNDA:0,(anonymous_3)
FNDA:0,(anonymous_4)
FNDA:0,(anonymous_5)
FNDA:0,(anonymous_6)
FNDA:0,(anonymous_7)
FNDA:0,(anonymous_8)
FNDA:0,(anonymous_9)
FNDA:0,(anonymous_10)
FNDA:0,(anonymous_11)
FNDA:0,(anonymous_12)
FNDA:0,(anonymous_13)
FNDA:0,(anonymous_14)
FNDA:0,(anonymous_15)
DA:12,1
DA:14,1
DA:16,1
DA:18,1
DA:20,1
DA:22,1
DA:24,1
DA:27,0
DA:28,0
DA:29,0
DA:37,0
DA:38,0
DA:39,0
DA:40,0
DA:46,0
DA:47,0
DA:48,0
DA:49,0
DA:50,0
DA:52,0
DA:54,0
DA:56,0
DA:57,0
DA:62,0
DA:63,0
DA:64,0
DA:69,0
DA:71,0
DA:73,0
DA:75,0
DA:76,0
DA:77,0
DA:78,0
DA:79,0
DA:82,0
DA:86,0
DA:88,0
DA:89,0
DA:91,0
DA:95,0
DA:97,0
DA:98,0
DA:99,0
DA:100,0
DA:101,0
DA:103,0
DA:106,0
DA:107,0
DA:109,0
DA:112,0
DA:113,0
DA:115,0
DA:116,0
DA:117,0
DA:120,0
DA:121,0
DA:125,0
DA:126,0
DA:127,0
DA:128,0
DA:130,0
DA:132,0
DA:137,0
DA:138,0
DA:142,0
DA:144,0
DA:145,0
DA:146,0
DA:147,0
DA:149,0
DA:154,0
DA:158,0
DA:159,0
DA:164,1
LF:74
LH:8
BRDA:27,0,0,0
BRDA:27,0,1,0
BRDA:37,1,0,0
BRDA:37,1,1,0
BRDA:39,2,0,0
BRDA:39,2,1,0
BRDA:49,3,0,0
BRDA:49,3,1,0
BRDA:49,4,0,0
BRDA:49,4,1,0
BRDA:69,5,0,0
BRDA:69,5,1,0
BRDA:76,6,0,0
BRDA:76,6,1,0
BRDA:77,7,0,0
BRDA:77,7,1,0
BRDA:78,8,0,0
BRDA:78,8,1,0
BRDA:79,9,0,0
BRDA:79,9,1,0
BRDA:86,10,0,0
BRDA:86,10,1,0
BRDA:88,11,0,0
BRDA:88,11,1,0
BRDA:89,12,0,0
BRDA:89,12,1,0
BRDA:94,13,0,0
BRDA:95,14,0,0
BRDA:95,14,1,0
BRDA:95,15,0,0
BRDA:95,15,1,0
BRDA:98,16,0,0
BRDA:98,16,1,0
BRDA:99,17,0,0
BRDA:99,17,1,0
BRDA:101,18,0,0
BRDA:101,18,1,0
BRDA:107,19,0,0
BRDA:107,19,1,0
BRDA:112,20,0,0
BRDA:112,20,1,0
BRDA:112,21,0,0
BRDA:112,21,1,0
BRDA:127,22,0,0
BRDA:127,22,1,0
BRDA:127,23,0,0
BRDA:127,23,1,0
BRDA:138,24,0,0
BRDA:138,24,1,0
BRDA:142,25,0,0
BRDA:142,25,1,0
BRF:51
BRH:0
end_of_record
TN:
SF:utils/lodashUtils.ts
FN:7,isEqual
FN:39,debounce
FN:46,(anonymous_2)
FN:47,(anonymous_3)
FN:64,merge
FN:87,isObject
FN:94,union
FN:113,groupBy
FN:130,isEmpty
FNF:9
FNH:1
FNDA:0,isEqual
FNDA:0,debounce
FNDA:0,(anonymous_2)
FNDA:0,(anonymous_3)
FNDA:0,merge
FNDA:0,isObject
FNDA:0,union
FNDA:0,groupBy
FNDA:26,isEmpty
DA:8,0
DA:10,0
DA:12,0
DA:13,0
DA:14,0
DA:15,0
DA:17,0
DA:20,0
DA:21,0
DA:22,0
DA:24,0
DA:26,0
DA:27,0
DA:28,0
DA:30,0
DA:33,0
DA:44,0
DA:46,0
DA:47,0
DA:48,0
DA:49,0
DA:52,0
DA:54,0
DA:55,0
DA:57,0
DA:65,0
DA:67,0
DA:68,0
DA:70,0
DA:71,0
DA:72,0
DA:73,0
DA:75,0
DA:76,0
DA:78,0
DA:84,0
DA:88,0
DA:95,0
DA:96,0
DA:98,0
DA:99,0
DA:100,0
DA:101,0
DA:102,0
DA:107,0
DA:114,0
DA:116,0
DA:117,0
DA:118,0
DA:119,0
DA:121,0
DA:124,0
DA:131,26
DA:132,26
DA:133,26
DA:134,0
LF:56
LH:3
BRDA:8,0,0,0
BRDA:8,0,1,0
BRDA:10,1,0,0
BRDA:10,1,1,0
BRDA:10,2,0,0
BRDA:10,2,1,0
BRDA:12,3,0,0
BRDA:12,3,1,0
BRDA:12,4,0,0
BRDA:12,4,1,0
BRDA:13,5,0,0
BRDA:13,5,1,0
BRDA:15,6,0,0
BRDA:15,6,1,0
BRDA:20,7,0,0
BRDA:20,7,1,0
BRDA:20,8,0,0
BRDA:20,8,1,0
BRDA:24,9,0,0
BRDA:24,9,1,0
BRDA:27,10,0,0
BRDA:27,10,1,0
BRDA:28,11,0,0
BRDA:28,11,1,0
BRDA:42,12,0,0
BRDA:49,13,0,0
BRDA:49,13,1,0
BRDA:52,14,0,0
BRDA:52,14,1,0
BRDA:54,15,0,0
BRDA:54,15,1,0
BRDA:57,16,0,0
BRDA:57,16,1,0
BRDA:68,17,0,0
BRDA:68,17,1,0
BRDA:71,18,0,0
BRDA:71,18,1,0
BRDA:75,19,0,0
BRDA:75,19,1,0
BRDA:75,20,0,0
BRDA:75,20,1,0
BRDA:88,21,0,0
BRDA:88,21,1,0
BRDA:88,21,2,0
BRDA:100,22,0,0
BRDA:100,22,1,0
BRDA:118,23,0,0
BRDA:118,23,1,0
BRDA:131,24,0,0
BRDA:131,24,1,26
BRDA:132,25,0,0
BRDA:132,25,1,26
BRDA:132,26,0,26
BRDA:132,26,1,26
BRDA:133,27,0,26
BRDA:133,27,1,0
BRF:56
BRH:5
end_of_record
TN:
SF:utils/logger.ts
FN:8,(anonymous_0)
FN:52,(anonymous_1)
FN:56,(anonymous_2)
FN:63,(anonymous_3)
FN:106,(anonymous_4)
FN:135,(anonymous_5)
FN:193,(anonymous_6)
FN:197,(anonymous_7)
FN:201,(anonymous_8)
FN:205,(anonymous_9)
FN:209,(anonymous_10)
FN:213,(anonymous_11)
FN:225,(anonymous_12)
FN:229,(anonymous_13)
FN:233,(anonymous_14)
FN:238,(anonymous_15)
FN:242,(anonymous_16)
FN:247,(anonymous_17)
FN:260,(anonymous_18)
FN:287,(anonymous_19)
FN:340,(anonymous_20)
FN:377,(anonymous_21)
FNF:22
FNH:9
FNDA:8,(anonymous_0)
FNDA:8,(anonymous_1)
FNDA:8,(anonymous_2)
FNDA:38,(anonymous_3)
FNDA:38,(anonymous_4)
FNDA:38,(anonymous_5)
FNDA:10,(anonymous_6)
FNDA:2,(anonymous_7)
FNDA:26,(anonymous_8)
FNDA:0,(anonymous_9)
FNDA:0,(anonymous_10)
FNDA:0,(anonymous_11)
FNDA:0,(anonymous_12)
FNDA:0,(anonymous_13)
FNDA:0,(anonymous_14)
FNDA:0,(anonymous_15)
FNDA:0,(anonymous_16)
FNDA:0,(anonymous_17)
FNDA:0,(anonymous_18)
FNDA:0,(anonymous_19)
FNDA:0,(anonymous_20)
FNDA:0,(anonymous_21)
DA:8,8
DA:9,8
DA:10,8
DA:11,8
DA:12,8
DA:30,8
DA:50,8
DA:53,8
DA:57,8
DA:58,8
DA:60,8
DA:71,38
DA:72,38
DA:74,38
DA:75,38
DA:76,38
DA:79,38
DA:80,38
DA:83,38
DA:84,38
DA:87,38
DA:88,38
DA:91,38
DA:92,38
DA:93,38
DA:97,38
DA:98,38
DA:100,38
DA:113,38
DA:120,38
DA:121,0
DA:128,38
DA:129,0
DA:132,38
DA:136,38
DA:137,0
DA:140,38
DA:141,38
DA:144,38
DA:146,38
DA:147,0
DA:151,0
DA:152,0
DA:153,0
DA:154,0
DA:155,0
DA:156,0
DA:158,0
DA:161,0
DA:162,0
DA:164,0
DA:165,0
DA:168,0
DA:169,0
DA:172,0
DA:173,0
DA:176,38
DA:177,10
DA:178,10
DA:179,28
DA:180,2
DA:181,2
DA:182,26
DA:183,26
DA:184,26
DA:185,0
DA:186,0
DA:187,0
DA:188,0
DA:194,10
DA:198,2
DA:202,26
DA:206,0
DA:210,0
DA:214,0
DA:215,0
DA:216,0
DA:218,0
DA:219,0
DA:226,0
DA:230,0
DA:234,0
DA:239,0
DA:243,0
DA:248,0
DA:252,0
DA:253,0
DA:261,0
DA:263,0
DA:267,0
DA:268,0
DA:271,0
DA:272,0
DA:273,0
DA:274,0
DA:277,0
DA:281,0
DA:288,0
DA:289,0
DA:291,0
DA:292,0
DA:295,0
DA:296,0
DA:299,0
DA:300,0
DA:303,0
DA:304,0
DA:307,0
DA:308,0
DA:309,0
DA:313,0
DA:315,0
DA:316,0
DA:322,0
DA:323,0
DA:324,0
DA:330,0
DA:342,0
DA:343,0
DA:344,0
DA:345,0
DA:356,0
DA:357,0
DA:358,0
DA:359,0
DA:360,0
DA:361,0
DA:362,0
DA:364,0
DA:368,0
DA:369,0
DA:372,0
DA:373,0
DA:386,8
LF:134
LH:50
BRDA:8,0,0,8
BRDA:8,0,1,8
BRDA:57,1,0,8
BRDA:57,1,1,0
BRDA:91,2,0,38
BRDA:91,2,1,0
BRDA:120,3,0,0
BRDA:120,3,1,38
BRDA:128,4,0,0
BRDA:128,4,1,38
BRDA:136,5,0,0
BRDA:136,5,1,38
BRDA:136,6,0,38
BRDA:136,6,1,0
BRDA:144,7,0,38
BRDA:144,7,1,38
BRDA:144,7,2,38
BRDA:146,8,0,0
BRDA:146,8,1,38
BRDA:147,9,0,0
BRDA:147,9,1,0
BRDA:151,10,0,0
BRDA:151,10,1,0
BRDA:153,11,0,0
BRDA:153,11,1,0
BRDA:155,12,0,0
BRDA:155,12,1,0
BRDA:161,13,0,0
BRDA:161,13,1,0
BRDA:164,14,0,0
BRDA:164,14,1,0
BRDA:168,15,0,0
BRDA:168,15,1,0
BRDA:176,16,0,10
BRDA:176,16,1,28
BRDA:178,17,0,0
BRDA:178,17,1,10
BRDA:179,18,0,2
BRDA:179,18,1,26
BRDA:181,19,0,0
BRDA:181,19,1,2
BRDA:182,20,0,26
BRDA:182,20,1,0
BRDA:184,21,0,0
BRDA:184,21,1,26
BRDA:185,22,0,0
BRDA:185,22,1,0
BRDA:187,23,0,0
BRDA:187,23,1,0
BRDA:188,24,0,0
BRDA:188,24,1,0
BRDA:214,25,0,0
BRDA:214,25,1,0
BRDA:216,26,0,0
BRDA:216,26,1,0
BRDA:248,27,0,0
BRDA:248,27,1,0
BRDA:261,28,0,0
BRDA:261,28,1,0
BRDA:261,29,0,0
BRDA:261,29,1,0
BRDA:267,30,0,0
BRDA:267,30,1,0
BRDA:271,31,0,0
BRDA:271,31,1,0
BRDA:273,32,0,0
BRDA:273,32,1,0
BRDA:307,33,0,0
BRDA:307,33,1,0
BRDA:315,34,0,0
BRDA:315,34,1,0
BRDA:318,35,0,0
BRDA:318,35,1,0
BRDA:322,36,0,0
BRDA:322,36,1,0
BRDA:322,37,0,0
BRDA:322,37,1,0
BRDA:326,38,0,0
BRDA:326,38,1,0
BRDA:326,39,0,0
BRDA:326,39,1,0
BRDA:326,40,0,0
BRDA:326,40,1,0
BRDA:326,41,0,0
BRDA:326,41,1,0
BRDA:342,42,0,0
BRDA:342,42,1,0
BRDA:342,43,0,0
BRDA:342,43,1,0
BRDA:356,44,0,0
BRDA:356,44,1,0
BRDA:361,45,0,0
BRDA:361,45,1,0
BRDA:368,46,0,0
BRDA:368,46,1,0
BRF:95
BRH:20
end_of_record
TN:
SF:utils/number.ts
FN:1,toLocaleStringSupportsOptions
FN:11,randomInt
FN:22,toDecimalString
FN:36,toPercentString
FN:56,decimalCount
FNF:5
FNH:0
FNDA:0,toLocaleStringSupportsOptions
FNDA:0,randomInt
FNDA:0,toDecimalString
FNDA:0,toPercentString
FNDA:0,decimalCount
DA:2,0
DA:13,0
DA:23,0
DA:24,0
DA:27,0
DA:37,0
DA:38,0
DA:41,0
DA:42,0
DA:48,0
DA:57,0
DA:59,0
DA:61,0
LF:13
LH:0
BRDA:2,0,0,0
BRDA:2,0,1,0
BRDA:2,0,2,0
BRDA:23,1,0,0
BRDA:23,1,1,0
BRDA:37,2,0,0
BRDA:37,2,1,0
BRDA:41,3,0,0
BRDA:41,3,1,0
BRDA:57,4,0,0
BRDA:57,4,1,0
BRF:11
BRH:0
end_of_record
TN:
SF:utils/string.ts
FN:7,(anonymous_0)
FN:14,isBlank
FN:25,toBoolean
FN:39,toFloat
FNF:4
FNH:0
FNDA:0,(anonymous_0)
FNDA:0,isBlank
FNDA:0,toBoolean
FNDA:0,toFloat
DA:7,3
DA:15,0
DA:16,0
DA:26,0
DA:27,0
DA:29,0
DA:40,0
DA:42,0
DA:43,0
DA:45,0
LF:10
LH:1
BRDA:7,0,0,0
BRDA:7,1,0,0
BRDA:15,2,0,0
BRDA:15,2,1,0
BRDA:25,3,0,0
BRDA:26,4,0,0
BRDA:26,4,1,0
BRDA:26,5,0,0
BRDA:26,5,1,0
BRDA:39,6,0,0
BRDA:40,7,0,0
BRDA:40,7,1,0
BRDA:40,8,0,0
BRDA:40,8,1,0
BRDA:43,9,0,0
BRDA:43,9,1,0
BRF:16
BRH:0
end_of_record
TN:
SF:utils/visibility.ts
FN:6,isVisible
FN:20,onVisibilityChange
FN:24,(anonymous_2)
FN:31,(anonymous_3)
FN:33,(anonymous_4)
FNF:5
FNH:0
FNDA:0,isVisible
FNDA:0,onVisibilityChange
FNDA:0,(anonymous_2)
FNDA:0,(anonymous_3)
FNDA:0,(anonymous_4)
DA:7,0
DA:13,1
DA:21,0
DA:24,0
DA:25,0
DA:30,1
DA:31,1
DA:32,0
DA:33,0
DA:34,0
DA:35,0
DA:37,0
LF:12
LH:3
BRDA:30,0,0,1
BRDA:30,0,1,0
BRF:2
BRH:1
end_of_record
TN:
SF:utils/jellyfin-apiclient/backdropImage.ts
FN:28,(anonymous_0)
FNF:1
FNH:0
FNDA:0,(anonymous_0)
DA:28,1
DA:34,0
DA:35,0
DA:36,0
DA:42,0
DA:43,0
DA:44,0
DA:50,0
DA:51,0
DA:57,0
LF:10
LH:1
BRDA:31,0,0,0
BRDA:32,1,0,0
BRDA:34,2,0,0
BRDA:34,2,1,0
BRDA:34,3,0,0
BRDA:34,3,1,0
BRDA:35,4,0,0
BRDA:35,4,1,0
BRDA:42,5,0,0
BRDA:42,5,1,0
BRDA:42,6,0,0
BRDA:42,6,1,0
BRDA:43,7,0,0
BRDA:43,7,1,0
BRDA:50,8,0,0
BRDA:50,8,1,0
BRDA:50,9,0,0
BRDA:50,9,1,0
BRF:18
BRH:0
end_of_record
TN:
SF:utils/jellyfin-apiclient/compat.ts
FN:9,(anonymous_0)
FNF:1
FNH:0
FNDA:0,(anonymous_0)
DA:9,1
DA:10,0
LF:2
LH:1
BRF:0
BRH:0
end_of_record
TN:
SF:utils/jellyfin-apiclient/getItems.ts
FN:13,getItemsSplit
FN:33,mergeResults
FN:75,getItems
FNF:3
FNH:0
FNDA:0,getItemsSplit
FNDA:0,mergeResults
FNDA:0,getItems
DA:11,1
DA:14,0
DA:15,0
DA:16,0
DA:17,0
DA:20,0
DA:21,0
DA:22,0
DA:23,0
DA:25,0
DA:26,0
DA:27,0
DA:30,0
DA:34,0
DA:39,0
DA:41,0
DA:42,0
DA:43,0
DA:44,0
DA:46,0
DA:47,0
DA:51,0
DA:53,0
DA:54,0
DA:58,0
DA:60,0
DA:61,0
DA:62,0
DA:64,0
DA:76,0
DA:77,0
DA:78,0
DA:80,0
DA:82,0
LF:34
LH:1
BRDA:15,0,0,0
BRDA:15,0,1,0
BRDA:17,1,0,0
BRDA:17,1,1,0
BRDA:20,2,0,0
BRDA:20,2,1,0
BRDA:22,3,0,0
BRDA:22,3,1,0
BRDA:42,4,0,0
BRDA:42,4,1,0
BRDA:46,5,0,0
BRDA:46,5,1,0
BRDA:53,6,0,0
BRDA:53,6,1,0
BRDA:62,7,0,0
BRDA:62,7,1,0
BRDA:77,8,0,0
BRDA:77,8,1,0
BRDA:77,9,0,0
BRDA:77,9,1,0
BRDA:77,9,2,0
BRF:21
BRH:0
end_of_record
TN:
SF:utils/observability/environment.ts
FN:14,generateSessionId
FN:34,getSessionId
FN:44,getBuildHash
FN:65,getAppVersion
FN:84,getUserAgent
FN:95,getCurrentUrl
FN:106,getEnvironmentContext
FN:127,getCurrentUserId
FN:138,getCurrentServerId
FN:147,generateEventId
FN:154,clearEnvironmentCache
FN:161,initializeEnvironment
FNF:12
FNH:0
FNDA:0,generateSessionId
FNDA:0,getSessionId
FNDA:0,getBuildHash
FNDA:0,getAppVersion
FNDA:0,getUserAgent
FNDA:0,getCurrentUrl
FNDA:0,getEnvironmentContext
FNDA:0,getCurrentUserId
FNDA:0,getCurrentServerId
FNDA:0,generateEventId
FNDA:0,clearEnvironmentCache
FNDA:0,initializeEnvironment
DA:8,1
DA:9,1
DA:15,0
DA:16,0
DA:20,0
DA:21,0
DA:22,0
DA:26,0
DA:27,0
DA:28,0
DA:35,0
DA:36,0
DA:38,0
DA:46,0
DA:47,0
DA:48,0
DA:55,0
DA:56,0
DA:59,0
DA:66,0
DA:67,0
DA:68,0
DA:74,0
DA:75,0
DA:78,0
DA:85,0
DA:86,0
DA:89,0
DA:96,0
DA:97,0
DA:100,0
DA:107,0
DA:108,0
DA:111,0
DA:119,0
DA:130,0
DA:141,0
DA:148,0
DA:155,0
DA:163,0
DA:166,0
LF:41
LH:2
BRDA:15,0,0,0
BRDA:15,0,1,0
BRDA:21,1,0,0
BRDA:21,1,1,0
BRDA:35,2,0,0
BRDA:35,2,1,0
BRDA:47,3,0,0
BRDA:47,3,1,0
BRDA:47,4,0,0
BRDA:47,4,1,0
BRDA:55,5,0,0
BRDA:55,5,1,0
BRDA:55,6,0,0
BRDA:55,6,1,0
BRDA:67,7,0,0
BRDA:67,7,1,0
BRDA:67,8,0,0
BRDA:67,8,1,0
BRDA:74,9,0,0
BRDA:74,9,1,0
BRDA:74,10,0,0
BRDA:74,10,1,0
BRDA:85,11,0,0
BRDA:85,11,1,0
BRDA:96,12,0,0
BRDA:96,12,1,0
BRDA:107,13,0,0
BRDA:107,13,1,0
BRF:28
BRH:0
end_of_record
TN:
SF:utils/observability/index.ts
FNF:0
FNH:0
LF:0
LH:0
BRF:0
BRH:0
end_of_record
TN:
SF:utils/observability/requestContext.ts
FN:20,(anonymous_0)
FN:33,(anonymous_1)
FN:40,(anonymous_2)
FN:83,(anonymous_3)
FN:104,(anonymous_4)
FN:113,(anonymous_5)
FN:131,(anonymous_6)
FN:153,(anonymous_7)
FN:177,(anonymous_8)
FN:185,(anonymous_9)
FN:193,(anonymous_10)
FN:201,(anonymous_11)
FN:230,(anonymous_12)
FNF:13
FNH:12
FNDA:1,(anonymous_0)
FNDA:1,(anonymous_1)
FNDA:1,(anonymous_2)
FNDA:1,(anonymous_3)
FNDA:1,(anonymous_4)
FNDA:0,(anonymous_5)
FNDA:1,(anonymous_6)
FNDA:1,(anonymous_7)
FNDA:1,(anonymous_8)
FNDA:1,(anonymous_9)
FNDA:1,(anonymous_10)
FNDA:1,(anonymous_11)
FNDA:1,(anonymous_12)
DA:10,1
DA:21,0
DA:22,0
DA:23,0
DA:24,0
DA:26,0
DA:34,0
DA:41,0
DA:42,0
DA:44,0
DA:68,0
DA:69,0
DA:77,0
DA:84,0
DA:85,0
DA:97,0
DA:98,0
DA:105,0
DA:107,0
DA:114,0
DA:125,0
DA:132,0
DA:134,0
DA:135,0
DA:136,0
DA:139,0
DA:154,0
DA:156,0
DA:157,0
DA:158,0
DA:161,0
DA:178,0
DA:179,0
DA:186,0
DA:187,0
DA:194,0
DA:195,0
DA:202,0
DA:204,0
DA:205,0
DA:206,0
DA:212,0
DA:214,0
DA:223,0
DA:235,0
DA:237,0
DA:238,0
DA:239,0
DA:245,0
DA:247,0
DA:256,0
DA:262,1
LF:52
LH:2
BRDA:47,0,0,0
BRDA:47,0,1,0
BRDA:52,1,0,0
BRDA:52,1,1,0
BRDA:55,2,0,0
BRDA:55,2,1,0
BRDA:68,3,0,0
BRDA:68,3,1,0
BRDA:87,4,0,0
BRDA:87,4,1,0
BRDA:87,4,2,0
BRDA:88,5,0,0
BRDA:88,5,1,0
BRDA:89,6,0,0
BRDA:89,6,1,0
BRDA:90,7,0,0
BRDA:90,7,1,0
BRDA:134,8,0,0
BRDA:134,8,1,0
BRDA:145,9,0,0
BRDA:145,9,1,0
BRDA:153,10,0,0
BRDA:156,11,0,0
BRDA:156,11,1,0
BRDA:187,12,0,0
BRDA:187,12,1,0
BRF:26
BRH:0
end_of_record
TN:
SF:utils/query/queryClient.ts
FN:26,(anonymous_0)
FN:40,(anonymous_1)
FN:44,(anonymous_2)
FN:45,(anonymous_3)
FN:46,(anonymous_4)
FN:49,(anonymous_5)
FN:50,(anonymous_6)
FN:54,(anonymous_7)
FN:55,(anonymous_8)
FNF:9
FNH:0
FNDA:0,(anonymous_0)
FNDA:0,(anonymous_1)
FNDA:0,(anonymous_2)
FNDA:0,(anonymous_3)
FNDA:0,(anonymous_4)
FNDA:0,(anonymous_5)
FNDA:0,(anonymous_6)
FNDA:0,(anonymous_7)
FNDA:0,(anonymous_8)
DA:17,1
DA:26,0
DA:37,1
DA:40,0
DA:44,0
DA:45,0
DA:46,0
DA:49,0
DA:50,0
DA:54,0
DA:55,0
LF:11
LH:2
BRF:0
BRH:0
end_of_record
