TN:
SF:utils/devConfig.ts
FN:15,(anonymous_0)
FN:17,(anonymous_1)
FN:31,(anonymous_2)
FN:44,(anonymous_3)
FN:65,(anonymous_4)
FNF:5
FNH:5
FNDA:6,(anonymous_0)
FNDA:7,(anonymous_1)
FNDA:4,(anonymous_2)
FNDA:3,(anonymous_3)
FNDA:2,(anonymous_4)
DA:1,1
DA:9,1
DA:15,6
DA:17,1
DA:18,7
DA:19,7
DA:21,6
DA:22,7
DA:24,7
DA:25,7
DA:27,7
DA:28,7
DA:31,1
DA:32,4
DA:33,1
DA:36,3
DA:37,3
DA:38,3
DA:40,1
DA:44,1
DA:45,3
DA:46,0
DA:49,3
DA:50,3
DA:51,2
DA:52,1
DA:55,1
DA:56,1
DA:61,1
DA:65,1
DA:66,2
DA:67,0
DA:70,2
DA:78,2
DA:79,1
DA:82,1
DA:83,1
LF:37
LH:35
BRDA:19,0,0,1
BRDA:19,0,1,6
BRDA:21,1,0,4
BRDA:21,1,1,2
BRDA:32,2,0,1
BRDA:32,2,1,3
BRDA:32,3,0,4
BRDA:32,3,1,3
BRDA:33,4,0,1
BRDA:33,4,1,0
BRDA:38,5,0,3
BRDA:38,5,1,0
BRDA:45,6,0,0
BRDA:45,6,1,3
BRDA:51,7,0,1
BRDA:51,7,1,1
BRDA:66,8,0,0
BRDA:66,8,1,2
BRDA:78,9,0,1
BRDA:78,9,1,1
BRF:20
BRH:16
end_of_record
